2018-01-17 10:59:56 INFO  ApacheHttpClient.sendEvent(450) - responseCode = 200
2018-01-17 11:00:56 INFO  ApacheHttpClient.sendEvent(450) - responseCode = 200
2018-01-17 11:01:56 INFO  ApacheHttpClient.sendEvent(450) - responseCode = 200
2018-01-17 11:02:56 INFO  ApacheHttpClient.sendEvent(450) - responseCode = 200
2018-01-17 11:03:56 INFO  ApacheHttpClient.sendEvent(450) - responseCode = 200
2018-01-17 11:04:56 INFO  ApacheHttpClient.sendEvent(450) - responseCode = 200
2018-01-17 11:05:56 INFO  ApacheHttpClient.sendEvent(450) - responseCode = 200
2018-01-17 11:06:56 INFO  ApacheHttpClient.sendEvent(450) - responseCode = 200
2018-01-17 11:07:56 INFO  ApacheHttpClient.sendEvent(450) - responseCode = 200
2018-01-17 11:08:56 INFO  ApacheHttpClient.sendEvent(450) - responseCode = 200
2018-01-17 11:09:56 INFO  ApacheHttpClient.sendEvent(450) - responseCode = 200
2018-01-17 11:10:56 INFO  ApacheHttpClient.sendEvent(450) - responseCode = 200
2018-01-17 11:11:56 INFO  ApacheHttpClient.sendEvent(450) - responseCode = 200
2018-01-17 11:12:56 INFO  ApacheHttpClient.sendEvent(450) - responseCode = 200
2018-01-17 11:13:56 INFO  ApacheHttpClient.sendEvent(450) - responseCode = 200
2018-01-17 11:14:56 INFO  ApacheHttpClient.sendEvent(450) - responseCode = 200
2018-01-17 11:15:56 INFO  ApacheHttpClient.sendEvent(450) - responseCode = 200
2018-01-17 11:16:56 INFO  ApacheHttpClient.sendEvent(450) - responseCode = 200
2018-01-17 11:17:56 INFO  ApacheHttpClient.sendEvent(450) - responseCode = 200
2018-01-17 11:18:56 INFO  ApacheHttpClient.sendEvent(450) - responseCode = 200
2018-01-17 11:19:56 INFO  ApacheHttpClient.sendEvent(450) - responseCode = 200
2018-01-17 11:20:56 INFO  ApacheHttpClient.sendEvent(450) - responseCode = 200
2018-01-17 11:21:56 INFO  ApacheHttpClient.sendEvent(450) - responseCode = 200
2018-01-17 11:22:56 INFO  ApacheHttpClient.sendEvent(450) - responseCode = 200
2018-01-17 11:23:56 INFO  ApacheHttpClient.sendEvent(450) - responseCode = 200
2018-01-17 11:24:56 INFO  ApacheHttpClient.sendEvent(450) - responseCode = 200
2018-01-17 11:25:56 INFO  ApacheHttpClient.sendEvent(450) - responseCode = 200
2018-01-17 11:26:56 INFO  ApacheHttpClient.sendEvent(450) - responseCode = 200
2018-01-17 11:27:56 INFO  ApacheHttpClient.sendEvent(450) - responseCode = 200
2018-01-17 11:28:56 INFO  ApacheHttpClient.sendEvent(450) - responseCode = 200
2018-01-17 11:29:56 INFO  ApacheHttpClient.sendEvent(450) - responseCode = 200
2018-01-17 11:30:56 INFO  ApacheHttpClient.sendEvent(450) - responseCode = 200
2018-01-17 11:31:56 INFO  ApacheHttpClient.sendEvent(450) - responseCode = 200
2018-01-17 11:32:56 INFO  ApacheHttpClient.sendEvent(450) - responseCode = 200
2018-01-17 11:33:56 INFO  ApacheHttpClient.sendEvent(450) - responseCode = 200
2018-01-17 11:34:56 INFO  ApacheHttpClient.sendEvent(450) - responseCode = 200
2018-01-17 11:35:56 INFO  ApacheHttpClient.sendEvent(450) - responseCode = 200
2018-01-17 11:36:56 INFO  ApacheHttpClient.sendEvent(450) - responseCode = 200
2018-01-17 11:37:56 INFO  ApacheHttpClient.sendEvent(450) - responseCode = 200
2018-01-17 11:38:56 INFO  ApacheHttpClient.sendEvent(450) - responseCode = 200
2018-01-17 11:39:56 INFO  ApacheHttpClient.sendEvent(450) - responseCode = 200
2018-01-17 11:40:56 INFO  ApacheHttpClient.sendEvent(450) - responseCode = 200
2018-01-17 11:41:56 INFO  ApacheHttpClient.sendEvent(450) - responseCode = 200
2018-01-17 11:42:56 INFO  ApacheHttpClient.sendEvent(450) - responseCode = 200
2018-01-17 11:43:56 INFO  ApacheHttpClient.sendEvent(450) - responseCode = 200
2018-01-17 11:44:56 INFO  ApacheHttpClient.sendEvent(450) - responseCode = 200
2018-01-17 11:45:56 INFO  ApacheHttpClient.sendEvent(450) - responseCode = 200
2018-01-17 11:46:56 INFO  ApacheHttpClient.sendEvent(450) - responseCode = 200
2018-01-17 11:47:56 INFO  ApacheHttpClient.sendEvent(450) - responseCode = 200
2018-01-17 11:48:56 INFO  ApacheHttpClient.sendEvent(450) - responseCode = 200
2018-01-17 11:49:56 INFO  ApacheHttpClient.sendEvent(450) - responseCode = 200
2018-01-17 11:50:56 INFO  ApacheHttpClient.sendEvent(450) - responseCode = 200
2018-01-17 11:51:56 INFO  ApacheHttpClient.sendEvent(450) - responseCode = 200
2018-01-17 11:52:56 INFO  ApacheHttpClient.sendEvent(450) - responseCode = 200
2018-01-17 11:53:56 INFO  ApacheHttpClient.sendEvent(450) - responseCode = 200
2018-01-17 11:54:56 INFO  ApacheHttpClient.sendEvent(450) - responseCode = 200
2018-01-17 11:55:56 INFO  ApacheHttpClient.sendEvent(450) - responseCode = 200
2018-01-17 11:56:56 INFO  ApacheHttpClient.sendEvent(450) - responseCode = 200
2018-01-17 11:57:56 INFO  ApacheHttpClient.sendEvent(450) - responseCode = 200
2018-01-17 11:58:56 INFO  ApacheHttpClient.sendEvent(450) - responseCode = 200
2018-01-17 11:59:56 INFO  ApacheHttpClient.sendEvent(450) - responseCode = 200
2018-01-17 12:00:56 INFO  ApacheHttpClient.sendEvent(450) - responseCode = 200
2018-01-17 12:01:56 INFO  ApacheHttpClient.sendEvent(450) - responseCode = 200
2018-01-17 12:02:56 INFO  ApacheHttpClient.sendEvent(450) - responseCode = 200
2018-01-17 12:03:56 INFO  ApacheHttpClient.sendEvent(450) - responseCode = 200
2018-01-17 12:04:56 INFO  ApacheHttpClient.sendEvent(450) - responseCode = 200
2018-01-17 12:05:56 INFO  ApacheHttpClient.sendEvent(450) - responseCode = 200
2018-01-17 12:06:56 INFO  ApacheHttpClient.sendEvent(450) - responseCode = 200
2018-01-17 12:07:56 INFO  ApacheHttpClient.sendEvent(450) - responseCode = 200
2018-01-17 12:08:56 INFO  ApacheHttpClient.sendEvent(450) - responseCode = 200
2018-01-17 12:09:56 INFO  ApacheHttpClient.sendEvent(450) - responseCode = 200
2018-01-17 12:10:56 INFO  ApacheHttpClient.sendEvent(450) - responseCode = 200
2018-01-17 12:11:56 INFO  ApacheHttpClient.sendEvent(450) - responseCode = 200
2018-01-17 12:12:56 INFO  ApacheHttpClient.sendEvent(450) - responseCode = 200
2018-01-17 12:13:56 INFO  ApacheHttpClient.sendEvent(450) - responseCode = 200
2018-01-17 12:14:56 INFO  ApacheHttpClient.sendEvent(450) - responseCode = 200
2018-01-17 12:15:56 INFO  ApacheHttpClient.sendEvent(450) - responseCode = 200
2018-01-17 12:16:56 INFO  ApacheHttpClient.sendEvent(450) - responseCode = 200
2018-01-17 12:17:56 INFO  ApacheHttpClient.sendEvent(450) - responseCode = 200
2018-01-17 12:18:56 INFO  ApacheHttpClient.sendEvent(450) - responseCode = 200
2018-01-17 12:19:56 INFO  ApacheHttpClient.sendEvent(450) - responseCode = 200
2018-01-17 12:20:56 INFO  ApacheHttpClient.sendEvent(450) - responseCode = 200
2018-01-17 12:21:56 INFO  ApacheHttpClient.sendEvent(450) - responseCode = 200
2018-01-17 12:22:56 INFO  ApacheHttpClient.sendEvent(450) - responseCode = 200
2018-01-17 12:23:56 INFO  ApacheHttpClient.sendEvent(450) - responseCode = 200
2018-01-17 12:24:56 INFO  ApacheHttpClient.sendEvent(450) - responseCode = 200
2018-01-17 12:25:56 INFO  ApacheHttpClient.sendEvent(450) - responseCode = 200
2018-01-17 12:26:56 INFO  ApacheHttpClient.sendEvent(450) - responseCode = 200
2018-01-17 12:27:56 INFO  ApacheHttpClient.sendEvent(450) - responseCode = 200
2018-01-17 12:28:56 INFO  ApacheHttpClient.sendEvent(450) - responseCode = 200
2018-01-17 12:29:56 INFO  ApacheHttpClient.sendEvent(450) - responseCode = 200
2018-01-17 12:30:56 INFO  ApacheHttpClient.sendEvent(450) - responseCode = 200
2018-01-17 12:31:56 INFO  ApacheHttpClient.sendEvent(450) - responseCode = 200
2018-01-17 12:32:56 INFO  ApacheHttpClient.sendEvent(450) - responseCode = 200
2018-01-17 12:33:56 INFO  ApacheHttpClient.sendEvent(450) - responseCode = 200
2018-01-17 12:34:56 INFO  ApacheHttpClient.sendEvent(450) - responseCode = 200
2018-01-17 12:35:56 INFO  ApacheHttpClient.sendEvent(450) - responseCode = 200
2018-01-17 12:36:56 INFO  ApacheHttpClient.sendEvent(450) - responseCode = 200
2018-01-17 12:37:56 INFO  ApacheHttpClient.sendEvent(450) - responseCode = 200
2018-01-17 12:38:56 INFO  ApacheHttpClient.sendEvent(450) - responseCode = 200
2018-01-17 12:39:56 INFO  ApacheHttpClient.sendEvent(450) - responseCode = 200
2018-01-17 12:40:56 INFO  ApacheHttpClient.sendEvent(450) - responseCode = 200
2018-01-17 12:41:56 INFO  ApacheHttpClient.sendEvent(450) - responseCode = 200
2018-01-17 12:42:56 INFO  ApacheHttpClient.sendEvent(450) - responseCode = 200
2018-01-17 12:43:56 INFO  ApacheHttpClient.sendEvent(450) - responseCode = 200
2018-01-17 12:44:56 INFO  ApacheHttpClient.sendEvent(450) - responseCode = 200
2018-01-17 12:45:56 INFO  ApacheHttpClient.sendEvent(450) - responseCode = 200
2018-01-17 12:46:56 INFO  ApacheHttpClient.sendEvent(450) - responseCode = 200
2018-01-17 12:47:56 INFO  ApacheHttpClient.sendEvent(450) - responseCode = 200
2018-01-17 12:48:56 INFO  ApacheHttpClient.sendEvent(450) - responseCode = 200
2018-01-17 12:49:56 INFO  ApacheHttpClient.sendEvent(450) - responseCode = 200
2018-01-17 12:50:56 INFO  ApacheHttpClient.sendEvent(450) - responseCode = 200
2018-01-17 12:51:56 INFO  ApacheHttpClient.sendEvent(450) - responseCode = 200
2018-01-17 12:52:56 INFO  ApacheHttpClient.sendEvent(450) - responseCode = 200
2018-01-17 12:53:56 INFO  ApacheHttpClient.sendEvent(450) - responseCode = 200
2018-01-17 12:54:56 INFO  ApacheHttpClient.sendEvent(450) - responseCode = 200
2018-01-17 12:55:56 INFO  ApacheHttpClient.sendEvent(450) - responseCode = 200
2018-01-17 12:56:56 INFO  ApacheHttpClient.sendEvent(450) - responseCode = 200
2018-01-17 12:57:56 INFO  ApacheHttpClient.sendEvent(450) - responseCode = 200
2018-01-17 12:58:56 INFO  ApacheHttpClient.sendEvent(450) - responseCode = 200
2018-01-17 12:59:56 INFO  ApacheHttpClient.sendEvent(450) - responseCode = 200
2018-01-17 13:00:56 INFO  ApacheHttpClient.sendEvent(450) - responseCode = 200
2018-01-17 13:01:56 INFO  ApacheHttpClient.sendEvent(450) - responseCode = 200
2018-01-17 13:02:56 INFO  ApacheHttpClient.sendEvent(450) - responseCode = 200
2018-01-17 13:03:56 INFO  ApacheHttpClient.sendEvent(450) - responseCode = 200
2018-01-17 13:04:56 INFO  ApacheHttpClient.sendEvent(450) - responseCode = 200
2018-01-17 13:05:56 INFO  ApacheHttpClient.sendEvent(450) - responseCode = 200
2018-01-17 13:06:56 INFO  ApacheHttpClient.sendEvent(450) - responseCode = 200
2018-01-17 13:07:56 INFO  ApacheHttpClient.sendEvent(450) - responseCode = 200
2018-01-17 13:08:56 INFO  ApacheHttpClient.sendEvent(450) - responseCode = 200
2018-01-17 13:09:56 INFO  ApacheHttpClient.sendEvent(450) - responseCode = 200
2018-01-17 13:10:56 INFO  ApacheHttpClient.sendEvent(450) - responseCode = 200
2018-01-17 13:11:56 INFO  ApacheHttpClient.sendEvent(450) - responseCode = 200
2018-01-17 13:12:56 INFO  ApacheHttpClient.sendEvent(450) - responseCode = 200
2018-01-17 13:13:56 INFO  ApacheHttpClient.sendEvent(450) - responseCode = 200
2018-01-17 13:14:56 INFO  ApacheHttpClient.sendEvent(450) - responseCode = 200
2018-01-17 13:15:56 INFO  ApacheHttpClient.sendEvent(450) - responseCode = 200
2018-01-17 13:16:56 INFO  ApacheHttpClient.sendEvent(450) - responseCode = 200
2018-01-17 13:17:56 INFO  ApacheHttpClient.sendEvent(450) - responseCode = 200
2018-01-17 13:18:56 INFO  ApacheHttpClient.sendEvent(450) - responseCode = 200
2018-01-17 13:19:56 INFO  ApacheHttpClient.sendEvent(450) - responseCode = 200
2018-01-17 13:20:56 INFO  ApacheHttpClient.sendEvent(450) - responseCode = 200
2018-01-17 13:21:56 INFO  ApacheHttpClient.sendEvent(450) - responseCode = 200
2018-01-17 13:22:56 INFO  ApacheHttpClient.sendEvent(450) - responseCode = 200
2018-01-17 13:23:56 INFO  ApacheHttpClient.sendEvent(450) - responseCode = 200
2018-01-17 13:24:56 INFO  ApacheHttpClient.sendEvent(450) - responseCode = 200
2018-01-17 13:25:56 INFO  ApacheHttpClient.sendEvent(450) - responseCode = 200
2018-01-17 13:26:56 INFO  ApacheHttpClient.sendEvent(450) - responseCode = 200
2018-01-17 13:27:56 INFO  ApacheHttpClient.sendEvent(450) - responseCode = 200
2018-01-17 13:28:56 INFO  ApacheHttpClient.sendEvent(450) - responseCode = 200
2018-01-17 13:29:56 INFO  ApacheHttpClient.sendEvent(450) - responseCode = 200
2018-01-17 13:30:56 INFO  ApacheHttpClient.sendEvent(450) - responseCode = 200
2018-01-17 13:31:56 INFO  ApacheHttpClient.sendEvent(450) - responseCode = 200
2018-01-17 13:32:56 INFO  ApacheHttpClient.sendEvent(450) - responseCode = 200
2018-01-17 13:33:56 INFO  ApacheHttpClient.sendEvent(450) - responseCode = 200
2018-01-17 13:34:56 INFO  ApacheHttpClient.sendEvent(450) - responseCode = 200
2018-01-17 13:35:56 INFO  ApacheHttpClient.sendEvent(450) - responseCode = 200
2018-01-17 13:36:56 INFO  ApacheHttpClient.sendEvent(450) - responseCode = 200
2018-01-17 13:37:56 INFO  ApacheHttpClient.sendEvent(450) - responseCode = 200
2018-01-17 13:38:56 INFO  ApacheHttpClient.sendEvent(450) - responseCode = 200
2018-01-17 13:39:56 INFO  ApacheHttpClient.sendEvent(450) - responseCode = 200
2018-01-17 13:40:56 INFO  ApacheHttpClient.sendEvent(450) - responseCode = 200
2018-01-17 13:41:56 INFO  ApacheHttpClient.sendEvent(450) - responseCode = 200
2018-01-17 13:42:56 INFO  ApacheHttpClient.sendEvent(450) - responseCode = 200
2018-01-17 13:43:56 INFO  ApacheHttpClient.sendEvent(450) - responseCode = 200
2018-01-17 13:44:56 INFO  ApacheHttpClient.sendEvent(450) - responseCode = 200
2018-01-17 13:45:56 INFO  ApacheHttpClient.sendEvent(450) - responseCode = 200
2018-01-17 13:46:56 INFO  ApacheHttpClient.sendEvent(450) - responseCode = 200
2018-01-17 13:47:56 INFO  ApacheHttpClient.sendEvent(450) - responseCode = 200
2018-01-17 13:48:56 INFO  ApacheHttpClient.sendEvent(450) - responseCode = 200
2018-01-17 13:49:56 INFO  ApacheHttpClient.sendEvent(450) - responseCode = 200
2018-01-17 13:50:56 INFO  ApacheHttpClient.sendEvent(450) - responseCode = 200
2018-01-17 13:51:56 INFO  ApacheHttpClient.sendEvent(450) - responseCode = 200
2018-01-17 13:52:56 INFO  ApacheHttpClient.sendEvent(450) - responseCode = 200
2018-01-17 13:53:56 INFO  ApacheHttpClient.sendEvent(450) - responseCode = 200
2018-01-17 13:54:56 INFO  ApacheHttpClient.sendEvent(450) - responseCode = 200
2018-01-17 13:55:56 INFO  ApacheHttpClient.sendEvent(450) - responseCode = 200
2018-01-17 13:56:56 INFO  ApacheHttpClient.sendEvent(450) - responseCode = 200
2018-01-17 13:57:56 INFO  ApacheHttpClient.sendEvent(450) - responseCode = 200
2018-01-17 13:58:56 INFO  ApacheHttpClient.sendEvent(450) - responseCode = 200
2018-01-17 13:59:56 INFO  ApacheHttpClient.sendEvent(450) - responseCode = 200
2018-01-17 14:00:56 INFO  ApacheHttpClient.sendEvent(450) - responseCode = 200
2018-01-17 14:01:56 INFO  ApacheHttpClient.sendEvent(450) - responseCode = 200
2018-01-17 14:02:56 INFO  ApacheHttpClient.sendEvent(450) - responseCode = 200
2018-01-17 14:03:56 INFO  ApacheHttpClient.sendEvent(450) - responseCode = 200
2018-01-17 14:04:56 INFO  ApacheHttpClient.sendEvent(450) - responseCode = 200
2018-01-17 14:05:56 INFO  ApacheHttpClient.sendEvent(450) - responseCode = 200
2018-01-17 14:06:56 INFO  ApacheHttpClient.sendEvent(450) - responseCode = 200
2018-01-17 14:07:56 INFO  ApacheHttpClient.sendEvent(450) - responseCode = 200
2018-01-17 14:08:56 INFO  ApacheHttpClient.sendEvent(450) - responseCode = 200
2018-01-17 14:09:56 INFO  ApacheHttpClient.sendEvent(450) - responseCode = 200
2018-01-17 14:10:56 INFO  ApacheHttpClient.sendEvent(450) - responseCode = 200
2018-01-17 14:11:56 INFO  ApacheHttpClient.sendEvent(450) - responseCode = 200
2018-01-17 14:12:56 INFO  ApacheHttpClient.sendEvent(450) - responseCode = 200
2018-01-17 14:13:56 INFO  ApacheHttpClient.sendEvent(450) - responseCode = 200
2018-01-17 14:14:56 INFO  ApacheHttpClient.sendEvent(450) - responseCode = 200
2018-01-17 14:15:56 INFO  ApacheHttpClient.sendEvent(450) - responseCode = 200
2018-01-17 14:16:56 INFO  ApacheHttpClient.sendEvent(450) - responseCode = 200
2018-01-17 14:17:56 INFO  ApacheHttpClient.sendEvent(450) - responseCode = 200
2018-01-17 14:18:56 INFO  ApacheHttpClient.sendEvent(450) - responseCode = 200
2018-01-17 14:19:56 INFO  ApacheHttpClient.sendEvent(450) - responseCode = 200
2018-01-17 14:20:56 INFO  ApacheHttpClient.sendEvent(450) - responseCode = 200
2018-01-17 14:21:56 INFO  ApacheHttpClient.sendEvent(450) - responseCode = 200
2018-01-17 14:22:56 INFO  ApacheHttpClient.sendEvent(450) - responseCode = 200
2018-01-17 14:23:56 INFO  ApacheHttpClient.sendEvent(450) - responseCode = 200
2018-01-17 14:24:56 INFO  ApacheHttpClient.sendEvent(450) - responseCode = 200
2018-01-17 14:25:56 INFO  ApacheHttpClient.sendEvent(450) - responseCode = 200
2018-01-17 14:26:56 INFO  ApacheHttpClient.sendEvent(450) - responseCode = 200
2018-01-17 14:27:56 INFO  ApacheHttpClient.sendEvent(450) - responseCode = 200
2018-01-17 14:28:56 INFO  ApacheHttpClient.sendEvent(450) - responseCode = 200
2018-01-17 14:29:56 INFO  ApacheHttpClient.sendEvent(450) - responseCode = 200
2018-01-17 14:30:56 INFO  ApacheHttpClient.sendEvent(450) - responseCode = 200
2018-01-17 14:31:56 INFO  ApacheHttpClient.sendEvent(450) - responseCode = 200
2018-01-17 14:32:56 INFO  ApacheHttpClient.sendEvent(450) - responseCode = 200
2018-01-17 14:33:56 INFO  ApacheHttpClient.sendEvent(450) - responseCode = 200
2018-01-17 14:34:56 INFO  ApacheHttpClient.sendEvent(450) - responseCode = 200
2018-01-17 14:35:56 INFO  ApacheHttpClient.sendEvent(450) - responseCode = 200
2018-01-17 14:36:56 INFO  ApacheHttpClient.sendEvent(450) - responseCode = 200
2018-01-17 14:37:56 INFO  ApacheHttpClient.sendEvent(450) - responseCode = 200
2018-01-17 14:38:56 INFO  ApacheHttpClient.sendEvent(450) - responseCode = 200
2018-01-17 14:39:56 INFO  ApacheHttpClient.sendEvent(450) - responseCode = 200
2018-01-17 14:40:56 INFO  ApacheHttpClient.sendEvent(450) - responseCode = 200
2018-01-17 14:41:56 INFO  ApacheHttpClient.sendEvent(450) - responseCode = 200
2018-01-17 14:42:56 INFO  ApacheHttpClient.sendEvent(450) - responseCode = 200
2018-01-17 14:43:56 INFO  ApacheHttpClient.sendEvent(450) - responseCode = 200
2018-01-17 14:44:56 INFO  ApacheHttpClient.sendEvent(450) - responseCode = 200
2018-01-17 14:45:56 INFO  ApacheHttpClient.sendEvent(450) - responseCode = 200
2018-01-17 14:46:56 INFO  ApacheHttpClient.sendEvent(450) - responseCode = 200
2018-01-17 14:47:56 INFO  ApacheHttpClient.sendEvent(450) - responseCode = 200
2018-01-17 14:48:56 INFO  ApacheHttpClient.sendEvent(450) - responseCode = 200
2018-01-17 14:49:56 INFO  ApacheHttpClient.sendEvent(450) - responseCode = 200
2018-01-17 14:50:56 INFO  ApacheHttpClient.sendEvent(450) - responseCode = 200
2018-01-17 14:51:56 INFO  ApacheHttpClient.sendEvent(450) - responseCode = 200
2018-01-17 14:52:56 INFO  ApacheHttpClient.sendEvent(450) - responseCode = 200
2018-01-17 14:53:56 INFO  ApacheHttpClient.sendEvent(450) - responseCode = 200
2018-01-17 14:54:56 INFO  ApacheHttpClient.sendEvent(450) - responseCode = 200
2018-01-17 14:55:56 INFO  ApacheHttpClient.sendEvent(450) - responseCode = 200
2018-01-17 14:56:56 INFO  ApacheHttpClient.sendEvent(450) - responseCode = 200
2018-01-17 14:57:56 INFO  ApacheHttpClient.sendEvent(450) - responseCode = 200
2018-01-17 14:58:56 INFO  ApacheHttpClient.sendEvent(450) - responseCode = 200
2018-01-17 14:59:56 INFO  ApacheHttpClient.sendEvent(450) - responseCode = 200
2018-01-17 15:00:56 INFO  ApacheHttpClient.sendEvent(450) - responseCode = 200
2018-01-17 15:01:56 INFO  ApacheHttpClient.sendEvent(450) - responseCode = 200
2018-01-17 15:02:56 INFO  ApacheHttpClient.sendEvent(450) - responseCode = 200
2018-01-17 15:03:56 INFO  ApacheHttpClient.sendEvent(450) - responseCode = 200
2018-01-17 15:04:56 INFO  ApacheHttpClient.sendEvent(450) - responseCode = 200
2018-01-17 15:05:56 INFO  ApacheHttpClient.sendEvent(450) - responseCode = 200
2018-01-17 15:06:56 INFO  ApacheHttpClient.sendEvent(450) - responseCode = 200
2018-01-17 15:07:56 INFO  ApacheHttpClient.sendEvent(450) - responseCode = 200
2018-01-17 15:08:56 INFO  ApacheHttpClient.sendEvent(450) - responseCode = 200
2018-01-17 15:09:56 INFO  ApacheHttpClient.sendEvent(450) - responseCode = 200
2018-01-17 15:10:56 INFO  ApacheHttpClient.sendEvent(450) - responseCode = 200
2018-01-17 15:11:56 INFO  ApacheHttpClient.sendEvent(450) - responseCode = 200
2018-01-17 15:12:56 INFO  ApacheHttpClient.sendEvent(450) - responseCode = 200
2018-01-17 15:13:56 INFO  ApacheHttpClient.sendEvent(450) - responseCode = 200
2018-01-17 15:14:56 INFO  ApacheHttpClient.sendEvent(450) - responseCode = 200
2018-01-17 15:15:56 INFO  ApacheHttpClient.sendEvent(450) - responseCode = 200
2018-01-17 15:16:56 INFO  ApacheHttpClient.sendEvent(450) - responseCode = 200
2018-01-17 15:17:56 INFO  ApacheHttpClient.sendEvent(450) - responseCode = 200
2018-01-17 15:18:56 INFO  ApacheHttpClient.sendEvent(450) - responseCode = 200
2018-01-17 15:19:56 INFO  ApacheHttpClient.sendEvent(450) - responseCode = 200
2018-01-17 15:20:56 INFO  ApacheHttpClient.sendEvent(450) - responseCode = 200
2018-01-17 15:21:56 INFO  ApacheHttpClient.sendEvent(450) - responseCode = 200
2018-01-17 15:22:56 INFO  ApacheHttpClient.sendEvent(450) - responseCode = 200
2018-01-17 15:23:56 INFO  ApacheHttpClient.sendEvent(450) - responseCode = 200
2018-01-17 15:24:56 INFO  ApacheHttpClient.sendEvent(450) - responseCode = 200
2018-01-17 15:25:56 INFO  ApacheHttpClient.sendEvent(450) - responseCode = 200
2018-01-17 15:26:56 INFO  ApacheHttpClient.sendEvent(450) - responseCode = 200
2018-01-17 15:27:56 INFO  ApacheHttpClient.sendEvent(450) - responseCode = 200
2018-01-17 15:28:56 INFO  ApacheHttpClient.sendEvent(450) - responseCode = 200
2018-01-17 15:29:56 INFO  ApacheHttpClient.sendEvent(450) - responseCode = 200
2018-01-17 15:30:56 INFO  ApacheHttpClient.sendEvent(450) - responseCode = 200
2018-01-17 15:31:56 INFO  ApacheHttpClient.sendEvent(450) - responseCode = 200
2018-01-17 15:32:56 INFO  ApacheHttpClient.sendEvent(450) - responseCode = 200
2018-01-17 15:33:56 INFO  ApacheHttpClient.sendEvent(450) - responseCode = 200
2018-01-17 15:34:56 INFO  ApacheHttpClient.sendEvent(450) - responseCode = 200
2018-01-17 15:35:56 INFO  ApacheHttpClient.sendEvent(450) - responseCode = 200
2018-01-17 15:36:56 INFO  ApacheHttpClient.sendEvent(450) - responseCode = 200
2018-01-17 15:37:56 INFO  ApacheHttpClient.sendEvent(450) - responseCode = 200
2018-01-17 15:38:56 INFO  ApacheHttpClient.sendEvent(450) - responseCode = 200
2018-01-17 15:39:56 INFO  ApacheHttpClient.sendEvent(450) - responseCode = 200
2018-01-17 15:40:56 INFO  ApacheHttpClient.sendEvent(450) - responseCode = 200
2018-01-17 15:41:56 INFO  ApacheHttpClient.sendEvent(450) - responseCode = 200
2018-01-17 15:42:56 INFO  ApacheHttpClient.sendEvent(450) - responseCode = 200
2018-01-17 15:43:56 INFO  ApacheHttpClient.sendEvent(450) - responseCode = 200
2018-01-17 15:44:56 INFO  ApacheHttpClient.sendEvent(450) - responseCode = 200
2018-01-17 15:45:56 INFO  ApacheHttpClient.sendEvent(450) - responseCode = 200
2018-01-17 15:46:56 INFO  ApacheHttpClient.sendEvent(450) - responseCode = 200
2018-01-17 15:47:56 INFO  ApacheHttpClient.sendEvent(450) - responseCode = 200
2018-01-17 15:48:56 INFO  ApacheHttpClient.sendEvent(450) - responseCode = 200
2018-01-17 15:49:56 INFO  ApacheHttpClient.sendEvent(450) - responseCode = 200
2018-01-17 15:50:56 INFO  ApacheHttpClient.sendEvent(450) - responseCode = 200
2018-01-17 15:51:56 INFO  ApacheHttpClient.sendEvent(450) - responseCode = 200
2018-01-17 15:52:56 INFO  ApacheHttpClient.sendEvent(450) - responseCode = 200
2018-01-17 15:53:56 INFO  ApacheHttpClient.sendEvent(450) - responseCode = 200
2018-01-17 15:54:56 INFO  ApacheHttpClient.sendEvent(450) - responseCode = 200
2018-01-17 15:55:56 INFO  ApacheHttpClient.sendEvent(450) - responseCode = 200
2018-01-17 15:56:56 INFO  ApacheHttpClient.sendEvent(450) - responseCode = 200
2018-01-17 15:57:56 INFO  ApacheHttpClient.sendEvent(450) - responseCode = 200
2018-01-17 15:58:56 INFO  ApacheHttpClient.sendEvent(450) - responseCode = 200
2018-01-17 15:59:56 INFO  ApacheHttpClient.sendEvent(450) - responseCode = 200
2018-01-17 16:00:56 INFO  ApacheHttpClient.sendEvent(450) - responseCode = 200
2018-01-17 16:01:56 INFO  ApacheHttpClient.sendEvent(450) - responseCode = 200
2018-01-17 16:02:56 INFO  ApacheHttpClient.sendEvent(450) - responseCode = 200
2018-01-17 16:03:56 INFO  ApacheHttpClient.sendEvent(450) - responseCode = 200
2018-01-17 16:04:56 INFO  ApacheHttpClient.sendEvent(450) - responseCode = 200
2018-01-17 16:05:56 INFO  ApacheHttpClient.sendEvent(450) - responseCode = 200
2018-01-17 16:06:56 INFO  ApacheHttpClient.sendEvent(450) - responseCode = 200
2018-01-17 16:07:56 INFO  ApacheHttpClient.sendEvent(450) - responseCode = 200
2018-01-17 16:08:56 INFO  ApacheHttpClient.sendEvent(450) - responseCode = 200
2018-01-17 16:09:56 INFO  ApacheHttpClient.sendEvent(450) - responseCode = 200
2018-01-17 16:10:56 INFO  ApacheHttpClient.sendEvent(450) - responseCode = 200
2018-01-17 16:11:56 INFO  ApacheHttpClient.sendEvent(450) - responseCode = 200
2018-01-17 16:12:56 INFO  ApacheHttpClient.sendEvent(450) - responseCode = 200
2018-01-17 16:13:56 INFO  ApacheHttpClient.sendEvent(450) - responseCode = 200
2018-01-17 16:14:56 INFO  ApacheHttpClient.sendEvent(450) - responseCode = 200
2018-01-17 16:15:56 INFO  ApacheHttpClient.sendEvent(450) - responseCode = 200
2018-01-17 16:16:56 INFO  ApacheHttpClient.sendEvent(450) - responseCode = 200
2018-01-17 16:17:56 INFO  ApacheHttpClient.sendEvent(450) - responseCode = 200
2018-01-17 16:18:56 INFO  ApacheHttpClient.sendEvent(450) - responseCode = 200
2018-01-17 16:19:56 INFO  ApacheHttpClient.sendEvent(450) - responseCode = 200
2018-01-17 16:20:56 INFO  ApacheHttpClient.sendEvent(450) - responseCode = 200
2018-01-17 16:21:56 INFO  ApacheHttpClient.sendEvent(450) - responseCode = 200
2018-01-17 16:22:56 INFO  ApacheHttpClient.sendEvent(450) - responseCode = 200
2018-01-17 16:23:56 INFO  ApacheHttpClient.sendEvent(450) - responseCode = 200
2018-01-17 16:24:56 INFO  ApacheHttpClient.sendEvent(450) - responseCode = 200
2018-01-17 16:25:56 INFO  ApacheHttpClient.sendEvent(450) - responseCode = 200
2018-01-17 16:26:56 INFO  ApacheHttpClient.sendEvent(450) - responseCode = 200
2018-01-17 16:27:56 INFO  ApacheHttpClient.sendEvent(450) - responseCode = 200
2018-01-17 16:28:56 INFO  ApacheHttpClient.sendEvent(450) - responseCode = 200
2018-01-17 16:29:56 INFO  ApacheHttpClient.sendEvent(450) - responseCode = 200
2018-01-17 16:30:56 INFO  ApacheHttpClient.sendEvent(450) - responseCode = 200
2018-01-17 16:31:56 INFO  ApacheHttpClient.sendEvent(450) - responseCode = 200
2018-01-17 16:32:56 INFO  ApacheHttpClient.sendEvent(450) - responseCode = 200
2018-01-17 16:33:56 INFO  ApacheHttpClient.sendEvent(450) - responseCode = 200
2018-01-17 16:34:56 INFO  ApacheHttpClient.sendEvent(450) - responseCode = 200
2018-01-17 16:35:56 INFO  ApacheHttpClient.sendEvent(450) - responseCode = 200
2018-01-17 16:36:56 INFO  ApacheHttpClient.sendEvent(450) - responseCode = 200
2018-01-17 16:37:56 INFO  ApacheHttpClient.sendEvent(450) - responseCode = 200
2018-01-17 16:38:56 INFO  ApacheHttpClient.sendEvent(450) - responseCode = 200
2018-01-17 16:39:56 INFO  ApacheHttpClient.sendEvent(450) - responseCode = 200
2018-01-17 16:40:56 INFO  ApacheHttpClient.sendEvent(450) - responseCode = 200
2018-01-17 16:41:56 INFO  ApacheHttpClient.sendEvent(450) - responseCode = 200
2018-01-17 16:42:56 INFO  ApacheHttpClient.sendEvent(450) - responseCode = 200
2018-01-17 16:43:56 INFO  ApacheHttpClient.sendEvent(450) - responseCode = 200
2018-01-17 16:44:56 INFO  ApacheHttpClient.sendEvent(450) - responseCode = 200
2018-01-17 16:45:56 INFO  ApacheHttpClient.sendEvent(450) - responseCode = 200
2018-01-17 16:46:56 INFO  ApacheHttpClient.sendEvent(450) - responseCode = 200
2018-01-17 16:47:56 INFO  ApacheHttpClient.sendEvent(450) - responseCode = 200
2018-01-17 16:48:56 INFO  ApacheHttpClient.sendEvent(450) - responseCode = 200
2018-01-17 16:49:56 INFO  ApacheHttpClient.sendEvent(450) - responseCode = 200
2018-01-17 16:50:56 INFO  ApacheHttpClient.sendEvent(450) - responseCode = 200
2018-01-17 16:51:56 INFO  ApacheHttpClient.sendEvent(450) - responseCode = 200
2018-01-17 16:52:56 INFO  ApacheHttpClient.sendEvent(450) - responseCode = 200
2018-01-17 16:53:56 INFO  ApacheHttpClient.sendEvent(450) - responseCode = 200
2018-01-17 16:54:56 INFO  ApacheHttpClient.sendEvent(450) - responseCode = 200
2018-01-17 16:55:56 INFO  ApacheHttpClient.sendEvent(450) - responseCode = 200
2018-01-17 16:56:56 INFO  ApacheHttpClient.sendEvent(450) - responseCode = 200
2018-01-17 16:57:56 INFO  ApacheHttpClient.sendEvent(450) - responseCode = 200
2018-01-17 16:58:56 INFO  ApacheHttpClient.sendEvent(450) - responseCode = 200
2018-01-17 16:59:56 INFO  ApacheHttpClient.sendEvent(450) - responseCode = 200
2018-01-17 17:00:56 INFO  ApacheHttpClient.sendEvent(450) - responseCode = 200
2018-01-17 17:01:56 INFO  ApacheHttpClient.sendEvent(450) - responseCode = 200
2018-01-17 17:02:56 INFO  ApacheHttpClient.sendEvent(450) - responseCode = 200
2018-01-17 17:03:56 INFO  ApacheHttpClient.sendEvent(450) - responseCode = 200
2018-01-17 17:04:56 INFO  ApacheHttpClient.sendEvent(450) - responseCode = 200
2018-01-17 17:05:56 INFO  ApacheHttpClient.sendEvent(450) - responseCode = 200
2018-01-17 17:06:56 INFO  ApacheHttpClient.sendEvent(450) - responseCode = 200
2018-01-17 17:07:56 INFO  ApacheHttpClient.sendEvent(450) - responseCode = 200
2018-01-17 17:08:56 INFO  ApacheHttpClient.sendEvent(450) - responseCode = 200
2018-01-17 17:09:56 INFO  ApacheHttpClient.sendEvent(450) - responseCode = 200
2018-01-17 17:10:56 INFO  ApacheHttpClient.sendEvent(450) - responseCode = 200
2018-01-17 17:11:56 INFO  ApacheHttpClient.sendEvent(450) - responseCode = 200
2018-01-17 17:12:56 INFO  ApacheHttpClient.sendEvent(450) - responseCode = 200
2018-01-17 17:13:56 INFO  ApacheHttpClient.sendEvent(450) - responseCode = 200
2018-01-17 17:14:56 INFO  ApacheHttpClient.sendEvent(450) - responseCode = 200
2018-01-17 17:15:56 INFO  ApacheHttpClient.sendEvent(450) - responseCode = 200
2018-01-17 17:16:56 INFO  ApacheHttpClient.sendEvent(450) - responseCode = 200
2018-01-17 17:17:56 INFO  ApacheHttpClient.sendEvent(450) - responseCode = 200
2018-01-17 17:18:56 INFO  ApacheHttpClient.sendEvent(450) - responseCode = 200
2018-01-17 17:19:56 INFO  ApacheHttpClient.sendEvent(450) - responseCode = 200
2018-01-17 17:20:56 INFO  ApacheHttpClient.sendEvent(450) - responseCode = 200
2018-01-17 17:21:56 INFO  ApacheHttpClient.sendEvent(450) - responseCode = 200
2018-01-17 17:22:56 INFO  ApacheHttpClient.sendEvent(450) - responseCode = 200
2018-01-17 17:23:56 INFO  ApacheHttpClient.sendEvent(450) - responseCode = 200
2018-01-17 17:24:56 INFO  ApacheHttpClient.sendEvent(450) - responseCode = 200
2018-01-17 17:25:56 INFO  ApacheHttpClient.sendEvent(450) - responseCode = 200
2018-01-17 17:26:56 INFO  ApacheHttpClient.sendEvent(450) - responseCode = 200
2018-01-17 17:27:56 INFO  ApacheHttpClient.sendEvent(450) - responseCode = 200
2018-01-17 17:28:56 INFO  ApacheHttpClient.sendEvent(450) - responseCode = 200
2018-01-17 17:29:56 INFO  ApacheHttpClient.sendEvent(450) - responseCode = 200
2018-01-17 17:30:56 INFO  ApacheHttpClient.sendEvent(450) - responseCode = 200
2018-01-17 17:31:56 INFO  ApacheHttpClient.sendEvent(450) - responseCode = 200
2018-01-17 17:32:56 INFO  ApacheHttpClient.sendEvent(450) - responseCode = 200
2018-01-17 17:33:56 INFO  ApacheHttpClient.sendEvent(450) - responseCode = 200
2018-01-17 17:34:56 INFO  ApacheHttpClient.sendEvent(450) - responseCode = 200
2018-01-17 17:35:56 INFO  ApacheHttpClient.sendEvent(450) - responseCode = 200
2018-01-17 17:36:56 INFO  ApacheHttpClient.sendEvent(450) - responseCode = 200
2018-01-17 17:37:56 INFO  ApacheHttpClient.sendEvent(450) - responseCode = 200
2018-01-17 17:38:56 INFO  ApacheHttpClient.sendEvent(450) - responseCode = 200
2018-01-17 17:39:56 INFO  ApacheHttpClient.sendEvent(450) - responseCode = 200
2018-01-17 17:40:56 INFO  ApacheHttpClient.sendEvent(450) - responseCode = 200
2018-01-17 17:41:56 INFO  ApacheHttpClient.sendEvent(450) - responseCode = 200
2018-01-17 17:42:56 INFO  ApacheHttpClient.sendEvent(450) - responseCode = 200
2018-01-17 17:43:56 INFO  ApacheHttpClient.sendEvent(450) - responseCode = 200
2018-01-17 17:44:56 INFO  ApacheHttpClient.sendEvent(450) - responseCode = 200
2018-01-17 17:45:56 INFO  ApacheHttpClient.sendEvent(450) - responseCode = 200
2018-01-17 17:46:56 INFO  ApacheHttpClient.sendEvent(450) - responseCode = 200
2018-01-17 17:47:56 INFO  ApacheHttpClient.sendEvent(450) - responseCode = 200
2018-01-17 17:48:56 INFO  ApacheHttpClient.sendEvent(450) - responseCode = 200
2018-01-17 17:49:56 INFO  ApacheHttpClient.sendEvent(450) - responseCode = 200
2018-01-17 17:50:56 INFO  ApacheHttpClient.sendEvent(450) - responseCode = 200
2018-01-17 17:51:56 INFO  ApacheHttpClient.sendEvent(450) - responseCode = 200
2018-01-17 17:52:56 INFO  ApacheHttpClient.sendEvent(450) - responseCode = 200
2018-01-17 17:53:56 INFO  ApacheHttpClient.sendEvent(450) - responseCode = 200
2018-01-17 18:00:13 INFO  JavaRushTasksProjectComponent.projectClosing(157) - ---------- Project JavaRushTasks closed ----------

2018-01-17 18:00:13 INFO  ApacheHttpClient.getTask(405) - responseCode = 200
2018-01-17 18:00:14 INFO  ApacheHttpClient.getTask(405) - responseCode = 200
2018-01-17 18:00:14 INFO  ApacheHttpClient.getTask(405) - responseCode = 200
2018-01-17 18:00:14 INFO  ApacheHttpClient.getTask(405) - responseCode = 200
2018-01-17 18:00:14 INFO  ApacheHttpClient.getTask(405) - responseCode = 200
2018-01-17 18:00:14 INFO  ApacheHttpClient.getTask(405) - responseCode = 200
2018-01-17 18:00:15 INFO  ApacheHttpClient.getTask(405) - responseCode = 200
2018-01-17 18:00:15 INFO  ApacheHttpClient.getTask(405) - responseCode = 200
2018-01-17 18:00:15 INFO  ApacheHttpClient.getTask(405) - responseCode = 200
2018-01-17 18:00:15 INFO  ApacheHttpClient.getTask(405) - responseCode = 200
2018-01-17 18:00:15 INFO  ApacheHttpClient.getTask(405) - responseCode = 200
2018-01-17 18:00:15 INFO  ApacheHttpClient.getTask(405) - responseCode = 200
2018-01-17 18:00:15 INFO  ApacheHttpClient.getTask(405) - responseCode = 200
2018-01-17 18:00:15 INFO  ApacheHttpClient.getTask(405) - responseCode = 200
2018-01-17 18:00:15 INFO  ApacheHttpClient.getTask(405) - responseCode = 200
2018-01-17 18:00:15 INFO  ApacheHttpClient.getTask(405) - responseCode = 200
2018-01-17 18:00:15 INFO  ApacheHttpClient.getTask(405) - responseCode = 200
2018-01-17 18:00:15 INFO  ApacheHttpClient.getTask(405) - responseCode = 200
2018-01-17 18:00:15 INFO  ApacheHttpClient.getTask(405) - responseCode = 200
2018-01-17 18:00:15 INFO  ApacheHttpClient.getTask(405) - responseCode = 200
2018-01-17 18:00:16 INFO  ApacheHttpClient.getTask(405) - responseCode = 200
2018-01-17 18:00:16 INFO  ApacheHttpClient.getTask(405) - responseCode = 200
2018-01-17 18:00:16 INFO  ApacheHttpClient.getTask(405) - responseCode = 200
2018-01-17 18:00:16 INFO  ApacheHttpClient.getTask(405) - responseCode = 200
2018-01-17 18:00:16 INFO  ApacheHttpClient.getTask(405) - responseCode = 200
2018-01-18 11:12:49 INFO  JavaRushTasksProjectComponent.projectOpened(68) - ---------- Project JavaRushTasks opened ----------

2018-01-18 11:12:49 INFO  ApacheHttpClient.createAsyncHttpClient(125) - Выбрано 1 прокси.
2018-01-18 11:12:49 INFO  ApacheHttpClient.<init>(85) - ApacheHttpClient проинстанциирован успешно.
2018-01-18 11:12:50 INFO  ApacheHttpClient.testConnection(178) - responseCode = 200
2018-01-18 11:12:50 INFO  ApacheHttpClient.testConnection(185) - result = true
2018-01-18 11:12:51 INFO  ApacheHttpClient.login(209) - Ожидание ответа сервера.
2018-01-18 11:12:51 INFO  ApacheHttpClient.login(213) - responseCode200
2018-01-18 11:12:51 INFO  ApacheHttpClient.login(244) - JSESSIONID=C26DAD9E14FBDA234C811E139760D37B
2018-01-18 11:12:51 INFO  ApacheHttpClient.refreshUserInfo(272) - responseCode = 200
2018-01-18 11:12:51 INFO  ApacheHttpClient.refreshUserInfo(278) - Информация о пользователе получена.
2018-01-18 11:12:51 INFO  ApacheHttpClient.startGA(32) - GAService запущен.
2018-01-18 11:12:51 INFO  AbstractRestApiClient.startService(70) - EventsService запущен.
2018-01-18 11:24:42 INFO  ApacheHttpClient.getWebResourceAsStream(420) - responseCode = 200
2018-01-18 11:24:42 INFO  ApacheHttpClient.getFilteredTasks(307) - responseCode = 200
2018-01-18 11:24:45 INFO  ApacheHttpClient.getFilteredTasks(307) - responseCode = 200
2018-01-18 11:24:47 INFO  ApacheHttpClient.getFilteredTasks(307) - responseCode = 200
2018-01-19 10:33:55 INFO  JavaRushTasksProjectComponent.projectOpened(68) - ---------- Project JavaRushTasks opened ----------

2018-01-19 10:33:55 INFO  ApacheHttpClient.createAsyncHttpClient(125) - Выбрано 1 прокси.
2018-01-19 10:33:55 INFO  ApacheHttpClient.<init>(85) - ApacheHttpClient проинстанциирован успешно.
2018-01-19 10:33:56 INFO  ApacheHttpClient.testConnection(178) - responseCode = 200
2018-01-19 10:33:56 INFO  ApacheHttpClient.testConnection(185) - result = true
2018-01-19 10:33:57 INFO  ApacheHttpClient.login(209) - Ожидание ответа сервера.
2018-01-19 10:33:57 INFO  ApacheHttpClient.login(213) - responseCode200
2018-01-19 10:33:57 INFO  ApacheHttpClient.login(244) - JSESSIONID=9B3149924FB1EF4D3D69190B040F35F1
2018-01-19 10:33:57 INFO  ApacheHttpClient.refreshUserInfo(272) - responseCode = 200
2018-01-19 10:33:57 INFO  ApacheHttpClient.refreshUserInfo(278) - Информация о пользователе получена.
2018-01-19 10:33:57 INFO  ApacheHttpClient.startGA(32) - GAService запущен.
2018-01-19 10:33:57 INFO  AbstractRestApiClient.startService(70) - EventsService запущен.
2018-01-19 10:52:47 INFO  ApacheHttpClient.getWebResourceAsStream(420) - responseCode = 200
2018-01-19 10:52:47 INFO  ApacheHttpClient.getFilteredTasks(307) - responseCode = 200
2018-01-19 12:10:24 INFO  ApacheHttpClient.getWebResourceAsStream(420) - responseCode = 200
2018-01-19 12:10:24 INFO  ApacheHttpClient.getFilteredTasks(307) - responseCode = 200
2018-01-19 12:10:27 INFO  ApacheHttpClient.getTaskTemplateInfo(324) - responseCode = 200
2018-01-19 12:10:28 INFO  ApacheHttpClient.testConnection(178) - responseCode = 200
2018-01-19 12:10:28 INFO  ApacheHttpClient.testConnection(185) - result = true
2018-01-19 12:10:28 INFO  ApacheHttpClient.testConnection(178) - responseCode = 200
2018-01-19 12:10:28 INFO  ApacheHttpClient.testConnection(185) - result = true
2018-01-19 12:10:34 INFO  ApacheHttpClient.getWebResourceAsStream(420) - responseCode = 200
2018-01-19 12:10:52 ERROR PluginManager.error(134) - null
java.lang.NullPointerException
	at javafx.embed.swing.JFXPanel.getInputMethodRequests(JFXPanel.java:810)
	at sun.awt.im.InputMethodAdapter.haveActiveClient(InputMethodAdapter.java:61)
	at sun.awt.windows.WInputMethod.deactivate(WInputMethod.java:340)
	at sun.awt.im.InputContext.deactivateInputMethod(InputContext.java:492)
	at sun.awt.im.InputContext.focusLost(InputContext.java:458)
	at sun.awt.im.InputContext.removeNotify(InputContext.java:627)
	at java.awt.Component.removeNotify(Component.java:7024)
	at java.awt.Container.removeNotify(Container.java:2820)
	at javax.swing.JComponent.removeNotify(JComponent.java:4758)
	at javafx.embed.swing.JFXPanel.removeNotify(JFXPanel.java:829)
	at java.awt.Container.removeNotify(Container.java:2804)
	at javax.swing.JComponent.removeNotify(JComponent.java:4758)
	at java.awt.Container.removeNotify(Container.java:2804)
	at javax.swing.JComponent.removeNotify(JComponent.java:4758)
	at java.awt.Container.removeNotify(Container.java:2804)
	at javax.swing.JComponent.removeNotify(JComponent.java:4758)
	at java.awt.Container.removeNotify(Container.java:2804)
	at javax.swing.JComponent.removeNotify(JComponent.java:4758)
	at java.awt.Container.removeNotify(Container.java:2804)
	at javax.swing.JComponent.removeNotify(JComponent.java:4758)
	at java.awt.Container.removeNotify(Container.java:2804)
	at javax.swing.JComponent.removeNotify(JComponent.java:4758)
	at java.awt.Container.removeNotify(Container.java:2804)
	at javax.swing.JComponent.removeNotify(JComponent.java:4758)
	at java.awt.Container.remove(Container.java:1206)
	at java.awt.Container.remove(Container.java:1264)
	at com.intellij.ui.tabs.impl.JBTabsImpl.removeDeferredNow(JBTabsImpl.java:1038)
	at com.intellij.ui.tabs.impl.JBTabsImpl.lambda$removeDeferred$6(JBTabsImpl.java:1011)
	at com.intellij.openapi.wm.impl.FocusManagerImpl.b(FocusManagerImpl.java:658)
	at com.intellij.openapi.wm.impl.FocusManagerImpl.f(FocusManagerImpl.java:639)
	at com.intellij.openapi.wm.impl.FocusManagerImpl.r(FocusManagerImpl.java:609)
	at com.intellij.openapi.wm.impl.FocusManagerImpl.a(FocusManagerImpl.java:491)
	at com.intellij.util.ui.UIUtil.invokeLaterIfNeeded(UIUtil.java:2632)
	at com.intellij.openapi.wm.impl.FocusManagerImpl.doWhenFocusSettlesDown(FocusManagerImpl.java:471)
	at com.intellij.openapi.wm.impl.IdeFocusManagerImpl.doWhenFocusSettlesDown(IdeFocusManagerImpl.java:66)
	at com.intellij.ui.tabs.impl.JBTabsImpl.removeDeferred(JBTabsImpl.java:1017)
	at com.intellij.ui.tabs.impl.JBTabsImpl.lambda$executeSelectionChange$4(JBTabsImpl.java:911)
	at com.intellij.openapi.util.ExecutionCallback.setExecuted(ExecutionCallback.java:58)
	at com.intellij.openapi.util.ActionCallback.setDone(ActionCallback.java:72)
	at com.intellij.openapi.wm.impl.FocusManagerImpl.d(FocusManagerImpl.java:295)
	at com.intellij.util.ui.UIUtil.invokeLaterIfNeeded(UIUtil.java:2632)
	at com.intellij.openapi.wm.impl.FocusManagerImpl.c(FocusManagerImpl.java:293)
	at com.intellij.openapi.util.ActionCallback$ExecutedExecutionCallback.doWhenExecuted(ActionCallback.java:177)
	at com.intellij.openapi.util.ActionCallback.doWhenDone(ActionCallback.java:111)
	at com.intellij.openapi.wm.impl.FocusManagerImpl.c(FocusManagerImpl.java:293)
	at java.awt.event.InvocationEvent.dispatch(InvocationEvent.java:311)
	at java.awt.EventQueue.dispatchEventImpl(EventQueue.java:762)
	at java.awt.EventQueue.access$500(EventQueue.java:98)
	at java.awt.EventQueue$3.run(EventQueue.java:715)
	at java.awt.EventQueue$3.run(EventQueue.java:709)
	at java.security.AccessController.doPrivileged(Native Method)
	at java.security.ProtectionDomain$JavaSecurityAccessImpl.doIntersectionPrivilege(ProtectionDomain.java:80)
	at java.awt.EventQueue.dispatchEvent(EventQueue.java:732)
	at com.intellij.ide.IdeEventQueue.k(IdeEventQueue.java:827)
	at com.intellij.ide.IdeEventQueue._dispatchEvent(IdeEventQueue.java:655)
	at com.intellij.ide.IdeEventQueue.dispatchEvent(IdeEventQueue.java:365)
	at java.awt.EventDispatchThread.pumpOneEventForFilters(EventDispatchThread.java:201)
	at java.awt.EventDispatchThread.pumpEventsForFilter(EventDispatchThread.java:116)
	at java.awt.EventDispatchThread.pumpEventsForHierarchy(EventDispatchThread.java:105)
	at java.awt.EventDispatchThread.pumpEvents(EventDispatchThread.java:101)
	at java.awt.EventDispatchThread.pumpEvents(EventDispatchThread.java:93)
	at java.awt.EventDispatchThread.run(EventDispatchThread.java:82)
2018-01-19 12:10:52 ERROR PluginManager.c(142) - IntelliJ IDEA 2017.1.4  Build #IU-171.4694.23
2018-01-19 12:10:52 ERROR PluginManager.c(149) - JDK: 1.8.0_112-release
2018-01-19 12:10:52 ERROR PluginManager.c(150) - VM: OpenJDK 64-Bit Server VM
2018-01-19 12:10:52 ERROR PluginManager.c(151) - Vendor: JetBrains s.r.o
2018-01-19 12:10:52 ERROR PluginManager.c(152) - OS: Windows 7
2018-01-19 12:10:52 ERROR PluginManager.c(158) - Last Action: TaskChooser
2018-01-19 12:10:57 INFO  ApacheHttpClient.sendEvent(450) - responseCode = 200
2018-01-19 12:11:22 ERROR TimedOutCallback.error(134) - Focus command timed out, cmd=FocusCommand objectCount=1 objects=[com.intellij.openapi.fileEditor.impl.EditorWindow$TComp[,0,28,1383x601,invalid,layout=java.awt.BorderLayout,alignmentX=0.0,alignmentY=0.0,border=,flags=9,maximumSize=,minimumSize=,preferredSize=]]
java.lang.Exception
	at com.intellij.openapi.wm.FocusCommand.saveAllocation(FocusCommand.java:145)
	at com.intellij.openapi.wm.FocusCommand.<init>(FocusCommand.java:79)
	at com.intellij.openapi.wm.FocusCommand$ByComponent.<init>(FocusCommand.java:173)
	at com.intellij.openapi.wm.FocusCommand$ByComponent.<init>(FocusCommand.java:169)
	at com.intellij.ui.tabs.impl.JBTabsImpl.requestFocus(JBTabsImpl.java:978)
	at com.intellij.ui.tabs.impl.JBTabsImpl.executeSelectionChange(JBTabsImpl.java:906)
	at com.intellij.ui.tabs.impl.JBTabsImpl.access$1900(JBTabsImpl.java:62)
	at com.intellij.ui.tabs.impl.JBTabsImpl$9.run(JBTabsImpl.java:859)
	at com.intellij.openapi.fileEditor.impl.EditorTabbedContainer.a(EditorTabbedContainer.java:160)
	at com.intellij.openapi.command.impl.CoreCommandProcessor.a(CoreCommandProcessor.java:149)
	at com.intellij.openapi.command.impl.CoreCommandProcessor.executeCommand(CoreCommandProcessor.java:109)
	at com.intellij.openapi.command.impl.CoreCommandProcessor.executeCommand(CoreCommandProcessor.java:99)
	at com.intellij.openapi.command.impl.CoreCommandProcessor.executeCommand(CoreCommandProcessor.java:85)
	at com.intellij.openapi.fileEditor.impl.EditorTabbedContainer.a(EditorTabbedContainer.java:158)
	at com.intellij.ui.tabs.impl.JBTabsImpl._setSelected(JBTabsImpl.java:855)
	at com.intellij.ui.tabs.impl.JBTabsImpl.select(JBTabsImpl.java:846)
	at com.intellij.ui.tabs.impl.TabLabel$1.mousePressed(TabLabel.java:96)
	at java.awt.AWTEventMulticaster.mousePressed(AWTEventMulticaster.java:279)
	at java.awt.AWTEventMulticaster.mousePressed(AWTEventMulticaster.java:279)
	at java.awt.Component.processMouseEvent(Component.java:6538)
	at javax.swing.JComponent.processMouseEvent(JComponent.java:3324)
	at java.awt.Component.processEvent(Component.java:6306)
	at java.awt.Container.processEvent(Container.java:2236)
	at java.awt.Component.dispatchEventImpl(Component.java:4897)
	at java.awt.Container.dispatchEventImpl(Container.java:2294)
	at java.awt.Component.dispatchEvent(Component.java:4719)
	at java.awt.LightweightDispatcher.retargetMouseEvent(Container.java:4888)
	at java.awt.LightweightDispatcher.processMouseEvent(Container.java:4522)
	at java.awt.LightweightDispatcher.dispatchEvent(Container.java:4466)
	at java.awt.Container.dispatchEventImpl(Container.java:2280)
	at java.awt.Window.dispatchEventImpl(Window.java:2746)
	at java.awt.Component.dispatchEvent(Component.java:4719)
	at java.awt.EventQueue.dispatchEventImpl(EventQueue.java:764)
	at java.awt.EventQueue.access$500(EventQueue.java:98)
	at java.awt.EventQueue$3.run(EventQueue.java:715)
	at java.awt.EventQueue$3.run(EventQueue.java:709)
	at java.security.AccessController.doPrivileged(Native Method)
	at java.security.ProtectionDomain$JavaSecurityAccessImpl.doIntersectionPrivilege(ProtectionDomain.java:80)
	at java.security.ProtectionDomain$JavaSecurityAccessImpl.doIntersectionPrivilege(ProtectionDomain.java:90)
	at java.awt.EventQueue$4.run(EventQueue.java:737)
	at java.awt.EventQueue$4.run(EventQueue.java:735)
	at java.security.AccessController.doPrivileged(Native Method)
	at java.security.ProtectionDomain$JavaSecurityAccessImpl.doIntersectionPrivilege(ProtectionDomain.java:80)
	at java.awt.EventQueue.dispatchEvent(EventQueue.java:734)
	at com.intellij.ide.IdeEventQueue.k(IdeEventQueue.java:827)
	at com.intellij.ide.IdeEventQueue._dispatchEvent(IdeEventQueue.java:651)
	at com.intellij.ide.IdeEventQueue.dispatchEvent(IdeEventQueue.java:365)
	at java.awt.EventDispatchThread.pumpOneEventForFilters(EventDispatchThread.java:201)
	at java.awt.EventDispatchThread.pumpEventsForFilter(EventDispatchThread.java:116)
	at java.awt.EventDispatchThread.pumpEventsForHierarchy(EventDispatchThread.java:105)
	at java.awt.EventDispatchThread.pumpEvents(EventDispatchThread.java:101)
	at java.awt.EventDispatchThread.pumpEvents(EventDispatchThread.java:93)
	at java.awt.EventDispatchThread.run(EventDispatchThread.java:82)
2018-01-19 12:11:22 ERROR TimedOutCallback.c(142) - IntelliJ IDEA 2017.1.4  Build #IU-171.4694.23
2018-01-19 12:11:22 ERROR TimedOutCallback.c(149) - JDK: 1.8.0_112-release
2018-01-19 12:11:22 ERROR TimedOutCallback.c(150) - VM: OpenJDK 64-Bit Server VM
2018-01-19 12:11:22 ERROR TimedOutCallback.c(151) - Vendor: JetBrains s.r.o
2018-01-19 12:11:22 ERROR TimedOutCallback.c(152) - OS: Windows 7
2018-01-19 12:11:22 ERROR TimedOutCallback.c(158) - Last Action: EditorRight
2018-01-19 12:11:57 INFO  ApacheHttpClient.sendEvent(450) - responseCode = 200
2018-01-19 12:12:57 INFO  ApacheHttpClient.sendEvent(450) - responseCode = 200
2018-01-19 12:13:57 INFO  ApacheHttpClient.sendEvent(450) - responseCode = 200
2018-01-19 12:14:57 INFO  ApacheHttpClient.sendEvent(450) - responseCode = 200
2018-01-19 12:15:57 INFO  ApacheHttpClient.sendEvent(450) - responseCode = 200
2018-01-19 12:16:57 INFO  ApacheHttpClient.sendEvent(450) - responseCode = 200
2018-01-19 12:17:57 INFO  ApacheHttpClient.sendEvent(450) - responseCode = 200
2018-01-19 12:18:57 INFO  ApacheHttpClient.sendEvent(450) - responseCode = 200
2018-01-19 12:19:57 INFO  ApacheHttpClient.sendEvent(450) - responseCode = 200
2018-01-19 12:20:57 INFO  ApacheHttpClient.sendEvent(450) - responseCode = 200
2018-01-19 12:21:57 INFO  ApacheHttpClient.sendEvent(450) - responseCode = 200
2018-01-19 12:22:57 INFO  ApacheHttpClient.sendEvent(450) - responseCode = 200
2018-01-19 12:23:57 INFO  ApacheHttpClient.sendEvent(450) - responseCode = 200
2018-01-19 12:24:06 INFO  ApacheHttpClient.getWebResourceAsStream(420) - responseCode = 200
2018-01-19 12:24:07 INFO  ApacheHttpClient.getTask(405) - responseCode = 200
2018-01-19 12:24:07 INFO  ApacheHttpClient.getWebResourceAsStream(420) - responseCode = 200
2018-01-19 12:24:11 INFO  ApacheHttpClient.completed(27) - responseCode = 200
2018-01-19 12:24:57 INFO  ApacheHttpClient.sendEvent(450) - responseCode = 200
2018-01-19 12:25:57 INFO  ApacheHttpClient.sendEvent(450) - responseCode = 200
2018-01-19 12:26:05 INFO  ApacheHttpClient.getWebResourceAsStream(420) - responseCode = 200
2018-01-19 12:26:06 INFO  ApacheHttpClient.getTask(405) - responseCode = 200
2018-01-19 12:26:07 INFO  ApacheHttpClient.getWebResourceAsStream(420) - responseCode = 200
2018-01-19 12:26:10 INFO  ApacheHttpClient.completed(27) - responseCode = 200
2018-01-19 12:26:57 INFO  ApacheHttpClient.sendEvent(450) - responseCode = 200
2018-01-19 12:27:57 INFO  ApacheHttpClient.sendEvent(450) - responseCode = 200
2018-01-19 12:28:57 INFO  ApacheHttpClient.sendEvent(450) - responseCode = 200
2018-01-19 12:29:57 INFO  ApacheHttpClient.sendEvent(450) - responseCode = 200
2018-01-19 12:30:57 INFO  ApacheHttpClient.sendEvent(450) - responseCode = 200
2018-01-19 12:31:57 INFO  ApacheHttpClient.sendEvent(450) - responseCode = 200
2018-01-19 12:32:57 INFO  ApacheHttpClient.sendEvent(450) - responseCode = 200
2018-01-19 12:33:57 INFO  ApacheHttpClient.sendEvent(450) - responseCode = 200
2018-01-19 12:34:57 INFO  ApacheHttpClient.sendEvent(450) - responseCode = 200
2018-01-19 12:35:31 INFO  ApacheHttpClient.getWebResourceAsStream(420) - responseCode = 200
2018-01-19 12:35:32 INFO  ApacheHttpClient.getTask(405) - responseCode = 200
2018-01-19 12:35:57 INFO  ApacheHttpClient.sendEvent(450) - responseCode = 200
2018-01-19 12:36:09 INFO  ApacheHttpClient.getWebResourceAsStream(420) - responseCode = 200
2018-01-19 12:36:09 INFO  ApacheHttpClient.getTask(405) - responseCode = 200
2018-01-19 12:36:10 INFO  ApacheHttpClient.getWebResourceAsStream(420) - responseCode = 200
2018-01-19 12:36:13 INFO  ApacheHttpClient.completed(27) - responseCode = 200
2018-01-19 12:36:14 INFO  ApacheHttpClient.getTask(405) - responseCode = 200
2018-01-19 12:36:57 INFO  ApacheHttpClient.sendEvent(450) - responseCode = 200
2018-01-19 12:37:57 INFO  ApacheHttpClient.sendEvent(450) - responseCode = 200
2018-01-19 12:38:11 INFO  ApacheHttpClient.getWebResourceAsStream(420) - responseCode = 200
2018-01-19 12:38:11 INFO  ApacheHttpClient.getFilteredTasks(307) - responseCode = 200
2018-01-19 12:38:12 INFO  ApacheHttpClient.getTaskTemplateInfo(324) - responseCode = 200
2018-01-19 12:38:13 INFO  ApacheHttpClient.testConnection(178) - responseCode = 200
2018-01-19 12:38:13 INFO  ApacheHttpClient.testConnection(185) - result = true
2018-01-19 12:38:13 INFO  ApacheHttpClient.testConnection(178) - responseCode = 200
2018-01-19 12:38:13 INFO  ApacheHttpClient.testConnection(185) - result = true
2018-01-19 12:38:13 INFO  ApacheHttpClient.getWebResourceAsStream(420) - responseCode = 200
2018-01-19 12:38:58 INFO  ApacheHttpClient.sendEvent(450) - responseCode = 200
2018-01-19 12:39:57 INFO  ApacheHttpClient.sendEvent(450) - responseCode = 200
2018-01-19 12:40:58 INFO  ApacheHttpClient.sendEvent(450) - responseCode = 200
2018-01-19 12:41:57 INFO  ApacheHttpClient.sendEvent(450) - responseCode = 200
2018-01-19 12:42:57 INFO  ApacheHttpClient.sendEvent(450) - responseCode = 200
2018-01-19 12:43:57 INFO  ApacheHttpClient.sendEvent(450) - responseCode = 200
2018-01-19 12:44:57 INFO  ApacheHttpClient.sendEvent(450) - responseCode = 200
2018-01-19 12:45:57 INFO  ApacheHttpClient.sendEvent(450) - responseCode = 200
2018-01-19 12:46:57 INFO  ApacheHttpClient.sendEvent(450) - responseCode = 200
2018-01-19 12:47:57 INFO  ApacheHttpClient.sendEvent(450) - responseCode = 200
2018-01-19 12:48:57 INFO  ApacheHttpClient.sendEvent(450) - responseCode = 200
2018-01-19 12:49:57 INFO  ApacheHttpClient.sendEvent(450) - responseCode = 200
2018-01-19 12:50:58 INFO  ApacheHttpClient.sendEvent(450) - responseCode = 200
2018-01-19 12:51:57 INFO  ApacheHttpClient.sendEvent(450) - responseCode = 200
2018-01-19 12:52:57 INFO  ApacheHttpClient.sendEvent(450) - responseCode = 200
2018-01-19 12:53:57 INFO  ApacheHttpClient.sendEvent(450) - responseCode = 200
2018-01-19 12:54:58 INFO  ApacheHttpClient.sendEvent(450) - responseCode = 200
2018-01-19 12:55:57 INFO  ApacheHttpClient.sendEvent(450) - responseCode = 200
2018-01-19 12:56:57 INFO  ApacheHttpClient.sendEvent(450) - responseCode = 200
2018-01-19 12:57:57 INFO  ApacheHttpClient.sendEvent(450) - responseCode = 200
2018-01-19 12:58:57 INFO  ApacheHttpClient.sendEvent(450) - responseCode = 200
2018-01-19 12:59:57 INFO  ApacheHttpClient.sendEvent(450) - responseCode = 200
2018-01-19 13:00:57 INFO  ApacheHttpClient.sendEvent(450) - responseCode = 200
2018-01-19 13:01:57 INFO  ApacheHttpClient.sendEvent(450) - responseCode = 200
2018-01-19 13:02:57 INFO  ApacheHttpClient.sendEvent(450) - responseCode = 200
2018-01-19 13:03:57 INFO  ApacheHttpClient.sendEvent(450) - responseCode = 200
2018-01-19 13:04:57 INFO  ApacheHttpClient.sendEvent(450) - responseCode = 200
2018-01-19 13:05:57 INFO  ApacheHttpClient.sendEvent(450) - responseCode = 200
2018-01-19 13:06:57 INFO  ApacheHttpClient.sendEvent(450) - responseCode = 200
2018-01-19 13:07:57 INFO  ApacheHttpClient.sendEvent(450) - responseCode = 200
2018-01-19 13:08:57 INFO  ApacheHttpClient.sendEvent(450) - responseCode = 200
2018-01-19 13:09:57 INFO  ApacheHttpClient.sendEvent(450) - responseCode = 200
2018-01-19 13:10:57 INFO  ApacheHttpClient.sendEvent(450) - responseCode = 200
2018-01-19 13:11:57 INFO  ApacheHttpClient.sendEvent(450) - responseCode = 200
2018-01-19 13:12:57 INFO  ApacheHttpClient.sendEvent(450) - responseCode = 200
2018-01-19 13:13:57 INFO  ApacheHttpClient.sendEvent(450) - responseCode = 200
2018-01-19 13:14:57 INFO  ApacheHttpClient.sendEvent(450) - responseCode = 200
2018-01-19 13:15:57 INFO  ApacheHttpClient.sendEvent(450) - responseCode = 200
2018-01-19 13:16:57 INFO  ApacheHttpClient.sendEvent(450) - responseCode = 200
2018-01-19 13:17:57 INFO  ApacheHttpClient.sendEvent(450) - responseCode = 200
2018-01-19 13:18:57 INFO  ApacheHttpClient.sendEvent(450) - responseCode = 200
2018-01-19 13:19:57 INFO  ApacheHttpClient.sendEvent(450) - responseCode = 200
2018-01-19 13:20:57 INFO  ApacheHttpClient.sendEvent(450) - responseCode = 200
2018-01-19 13:21:58 INFO  ApacheHttpClient.sendEvent(450) - responseCode = 200
2018-01-19 13:22:46 INFO  ApacheHttpClient.getWebResourceAsStream(420) - responseCode = 200
2018-01-19 13:22:47 INFO  ApacheHttpClient.getTask(405) - responseCode = 200
2018-01-19 13:22:47 INFO  ApacheHttpClient.getWebResourceAsStream(420) - responseCode = 200
2018-01-19 13:22:50 INFO  ApacheHttpClient.completed(27) - responseCode = 200
2018-01-19 13:22:50 INFO  ApacheHttpClient.getTask(405) - responseCode = 200
2018-01-19 13:22:55 INFO  ApacheHttpClient.getWebResourceAsStream(420) - responseCode = 200
2018-01-19 13:22:55 INFO  ApacheHttpClient.getFilteredTasks(307) - responseCode = 200
2018-01-19 13:41:54 INFO  ApacheHttpClient.getWebResourceAsStream(420) - responseCode = 200
2018-01-19 13:41:54 INFO  ApacheHttpClient.getFilteredTasks(307) - responseCode = 200
2018-01-19 13:41:55 INFO  ApacheHttpClient.getTaskTemplateInfo(324) - responseCode = 200
2018-01-19 13:41:55 INFO  ApacheHttpClient.testConnection(178) - responseCode = 200
2018-01-19 13:41:55 INFO  ApacheHttpClient.testConnection(185) - result = true
2018-01-19 13:41:56 INFO  ApacheHttpClient.testConnection(178) - responseCode = 200
2018-01-19 13:41:56 INFO  ApacheHttpClient.testConnection(185) - result = true
2018-01-19 13:41:56 INFO  ApacheHttpClient.getWebResourceAsStream(420) - responseCode = 200
2018-01-19 13:41:58 INFO  ApacheHttpClient.sendEvent(450) - responseCode = 200
2018-01-19 13:41:58 INFO  ApacheHttpClient.getWebResourceAsStream(420) - responseCode = 200
2018-01-19 13:41:58 INFO  ApacheHttpClient.getFilteredTasks(307) - responseCode = 200
2018-01-19 13:42:49 INFO  ApacheHttpClient.testConnection(178) - responseCode = 200
2018-01-19 13:42:49 INFO  ApacheHttpClient.testConnection(185) - result = true
2018-01-19 13:42:49 INFO  ApacheHttpClient.testConnection(178) - responseCode = 200
2018-01-19 13:42:49 INFO  ApacheHttpClient.testConnection(185) - result = true
2018-01-19 13:42:49 INFO  ApacheHttpClient.getWebResourceAsStream(420) - responseCode = 200
2018-01-19 13:42:58 INFO  ApacheHttpClient.sendEvent(450) - responseCode = 200
2018-01-19 13:43:15 INFO  ApacheHttpClient.testConnection(178) - responseCode = 200
2018-01-19 13:43:15 INFO  ApacheHttpClient.testConnection(185) - result = true
2018-01-19 13:43:16 INFO  ApacheHttpClient.testConnection(178) - responseCode = 200
2018-01-19 13:43:16 INFO  ApacheHttpClient.testConnection(185) - result = true
2018-01-19 13:43:16 INFO  ApacheHttpClient.getWebResourceAsStream(420) - responseCode = 200
2018-01-19 13:43:58 INFO  ApacheHttpClient.sendEvent(450) - responseCode = 200
2018-01-19 13:44:21 INFO  ApacheHttpClient.getWebResourceAsStream(420) - responseCode = 200
2018-01-19 13:44:21 INFO  ApacheHttpClient.getTask(405) - responseCode = 200
2018-01-19 13:44:21 INFO  ApacheHttpClient.getWebResourceAsStream(420) - responseCode = 200
2018-01-19 13:44:24 INFO  ApacheHttpClient.completed(27) - responseCode = 200
2018-01-19 13:44:24 INFO  ApacheHttpClient.getTask(405) - responseCode = 200
2018-01-19 13:44:27 INFO  ApacheHttpClient.getWebResourceAsStream(420) - responseCode = 200
2018-01-19 13:44:27 INFO  ApacheHttpClient.getFilteredTasks(307) - responseCode = 200
2018-01-19 13:44:28 INFO  ApacheHttpClient.getTaskTemplateInfo(324) - responseCode = 200
2018-01-19 13:44:28 INFO  ApacheHttpClient.testConnection(178) - responseCode = 200
2018-01-19 13:44:28 INFO  ApacheHttpClient.testConnection(185) - result = true
2018-01-19 13:44:28 INFO  ApacheHttpClient.testConnection(178) - responseCode = 200
2018-01-19 13:44:28 INFO  ApacheHttpClient.testConnection(185) - result = true
2018-01-19 13:44:28 INFO  ApacheHttpClient.getWebResourceAsStream(420) - responseCode = 200
2018-01-19 13:44:58 INFO  ApacheHttpClient.sendEvent(450) - responseCode = 200
2018-01-19 13:45:58 INFO  ApacheHttpClient.sendEvent(450) - responseCode = 200
2018-01-19 13:46:58 INFO  ApacheHttpClient.sendEvent(450) - responseCode = 200
2018-01-19 13:47:58 INFO  ApacheHttpClient.sendEvent(450) - responseCode = 200
2018-01-19 13:48:58 INFO  ApacheHttpClient.sendEvent(450) - responseCode = 200
2018-01-19 13:49:58 INFO  ApacheHttpClient.sendEvent(450) - responseCode = 200
2018-01-19 13:50:58 INFO  ApacheHttpClient.sendEvent(450) - responseCode = 200
2018-01-19 13:51:58 INFO  ApacheHttpClient.sendEvent(450) - responseCode = 200
2018-01-19 13:52:58 INFO  ApacheHttpClient.sendEvent(450) - responseCode = 200
2018-01-19 13:53:58 INFO  ApacheHttpClient.sendEvent(450) - responseCode = 200
2018-01-19 13:54:58 INFO  ApacheHttpClient.sendEvent(450) - responseCode = 200
2018-01-19 13:55:58 INFO  ApacheHttpClient.sendEvent(450) - responseCode = 200
2018-01-19 13:56:58 INFO  ApacheHttpClient.sendEvent(450) - responseCode = 200
2018-01-19 13:57:58 INFO  ApacheHttpClient.sendEvent(450) - responseCode = 200
2018-01-19 13:58:58 INFO  ApacheHttpClient.sendEvent(450) - responseCode = 200
2018-01-19 13:59:58 INFO  ApacheHttpClient.sendEvent(450) - responseCode = 200
2018-01-19 14:00:58 INFO  ApacheHttpClient.sendEvent(450) - responseCode = 200
2018-01-19 14:01:58 INFO  ApacheHttpClient.sendEvent(450) - responseCode = 200
2018-01-19 14:02:58 INFO  ApacheHttpClient.sendEvent(450) - responseCode = 200
2018-01-19 14:03:58 INFO  ApacheHttpClient.sendEvent(450) - responseCode = 200
2018-01-19 14:04:58 INFO  ApacheHttpClient.sendEvent(450) - responseCode = 200
2018-01-19 14:05:58 INFO  ApacheHttpClient.sendEvent(450) - responseCode = 200
2018-01-19 14:06:58 INFO  ApacheHttpClient.sendEvent(450) - responseCode = 200
2018-01-19 14:07:58 INFO  ApacheHttpClient.sendEvent(450) - responseCode = 200
2018-01-19 14:08:58 INFO  ApacheHttpClient.sendEvent(450) - responseCode = 200
2018-01-19 14:09:58 INFO  ApacheHttpClient.sendEvent(450) - responseCode = 200
2018-01-19 14:10:58 INFO  ApacheHttpClient.sendEvent(450) - responseCode = 200
2018-01-19 14:11:58 INFO  ApacheHttpClient.sendEvent(450) - responseCode = 200
2018-01-19 14:12:58 INFO  ApacheHttpClient.sendEvent(450) - responseCode = 200
2018-01-19 14:13:58 INFO  ApacheHttpClient.sendEvent(450) - responseCode = 200
2018-01-19 14:14:58 INFO  ApacheHttpClient.sendEvent(450) - responseCode = 200
2018-01-19 14:15:58 INFO  ApacheHttpClient.sendEvent(450) - responseCode = 200
2018-01-19 14:16:58 INFO  ApacheHttpClient.sendEvent(450) - responseCode = 200
2018-01-19 14:17:58 INFO  ApacheHttpClient.sendEvent(450) - responseCode = 200
2018-01-19 14:18:58 INFO  ApacheHttpClient.sendEvent(450) - responseCode = 200
2018-01-19 14:19:58 INFO  ApacheHttpClient.sendEvent(450) - responseCode = 200
2018-01-19 14:20:58 INFO  ApacheHttpClient.sendEvent(450) - responseCode = 200
2018-01-19 14:21:58 INFO  ApacheHttpClient.sendEvent(450) - responseCode = 200
2018-01-19 14:22:58 INFO  ApacheHttpClient.sendEvent(450) - responseCode = 200
2018-01-19 14:23:58 INFO  ApacheHttpClient.sendEvent(450) - responseCode = 200
2018-01-19 14:24:58 INFO  ApacheHttpClient.sendEvent(450) - responseCode = 200
2018-01-19 14:25:58 INFO  ApacheHttpClient.sendEvent(450) - responseCode = 200
2018-01-19 14:26:58 INFO  ApacheHttpClient.sendEvent(450) - responseCode = 200
2018-01-19 14:27:58 INFO  ApacheHttpClient.sendEvent(450) - responseCode = 200
2018-01-19 14:28:58 INFO  ApacheHttpClient.sendEvent(450) - responseCode = 200
2018-01-19 14:29:58 INFO  ApacheHttpClient.sendEvent(450) - responseCode = 200
2018-01-19 14:30:58 INFO  ApacheHttpClient.sendEvent(450) - responseCode = 200
2018-01-19 14:31:58 INFO  ApacheHttpClient.sendEvent(450) - responseCode = 200
2018-01-19 14:32:58 INFO  ApacheHttpClient.sendEvent(450) - responseCode = 200
2018-01-19 14:33:58 INFO  ApacheHttpClient.sendEvent(450) - responseCode = 200
2018-01-19 14:34:58 INFO  ApacheHttpClient.sendEvent(450) - responseCode = 200
2018-01-19 14:35:58 INFO  ApacheHttpClient.sendEvent(450) - responseCode = 200
2018-01-19 14:36:58 INFO  ApacheHttpClient.sendEvent(450) - responseCode = 200
2018-01-19 14:37:58 INFO  ApacheHttpClient.sendEvent(450) - responseCode = 200
2018-01-19 14:38:58 INFO  ApacheHttpClient.sendEvent(450) - responseCode = 200
2018-01-19 14:39:58 INFO  ApacheHttpClient.sendEvent(450) - responseCode = 200
2018-01-19 14:40:58 INFO  ApacheHttpClient.sendEvent(450) - responseCode = 200
2018-01-19 14:41:58 INFO  ApacheHttpClient.sendEvent(450) - responseCode = 200
2018-01-19 14:42:58 INFO  ApacheHttpClient.sendEvent(450) - responseCode = 200
2018-01-19 14:43:58 INFO  ApacheHttpClient.sendEvent(450) - responseCode = 200
2018-01-19 14:44:58 INFO  ApacheHttpClient.sendEvent(450) - responseCode = 200
2018-01-19 14:45:58 INFO  ApacheHttpClient.sendEvent(450) - responseCode = 200
2018-01-19 14:46:58 INFO  ApacheHttpClient.sendEvent(450) - responseCode = 200
2018-01-19 14:47:58 INFO  ApacheHttpClient.sendEvent(450) - responseCode = 200
2018-01-19 14:48:58 INFO  ApacheHttpClient.sendEvent(450) - responseCode = 200
2018-01-19 14:49:58 INFO  ApacheHttpClient.sendEvent(450) - responseCode = 200
2018-01-19 14:50:58 INFO  ApacheHttpClient.sendEvent(450) - responseCode = 200
2018-01-19 14:51:58 INFO  ApacheHttpClient.sendEvent(450) - responseCode = 200
2018-01-19 14:52:58 INFO  ApacheHttpClient.sendEvent(450) - responseCode = 200
2018-01-19 14:53:58 INFO  ApacheHttpClient.sendEvent(450) - responseCode = 200
2018-01-19 14:54:58 INFO  ApacheHttpClient.sendEvent(450) - responseCode = 200
2018-01-19 14:55:58 INFO  ApacheHttpClient.sendEvent(450) - responseCode = 200
2018-01-19 14:56:58 INFO  ApacheHttpClient.sendEvent(450) - responseCode = 200
2018-01-19 14:57:58 INFO  ApacheHttpClient.sendEvent(450) - responseCode = 200
2018-01-19 14:58:58 INFO  ApacheHttpClient.sendEvent(450) - responseCode = 200
2018-01-19 14:59:58 INFO  ApacheHttpClient.sendEvent(450) - responseCode = 200
2018-01-19 15:00:58 INFO  ApacheHttpClient.sendEvent(450) - responseCode = 200
2018-01-19 15:01:58 INFO  ApacheHttpClient.sendEvent(450) - responseCode = 200
2018-01-19 15:02:58 INFO  ApacheHttpClient.sendEvent(450) - responseCode = 200
2018-01-19 15:03:16 INFO  ApacheHttpClient.getWebResourceAsStream(420) - responseCode = 200
2018-01-19 15:03:17 INFO  ApacheHttpClient.getTask(405) - responseCode = 200
2018-01-19 15:03:17 INFO  ApacheHttpClient.getWebResourceAsStream(420) - responseCode = 200
2018-01-19 15:03:24 INFO  ApacheHttpClient.completed(27) - responseCode = 200
2018-01-19 15:03:58 INFO  ApacheHttpClient.sendEvent(450) - responseCode = 200
2018-01-19 15:04:58 INFO  ApacheHttpClient.sendEvent(450) - responseCode = 200
2018-01-19 15:05:58 INFO  ApacheHttpClient.sendEvent(450) - responseCode = 200
2018-01-19 15:06:58 INFO  ApacheHttpClient.sendEvent(450) - responseCode = 200
2018-01-19 15:07:58 INFO  ApacheHttpClient.sendEvent(450) - responseCode = 200
2018-01-19 15:08:58 INFO  ApacheHttpClient.sendEvent(450) - responseCode = 200
2018-01-19 15:09:58 INFO  ApacheHttpClient.sendEvent(450) - responseCode = 200
2018-01-19 15:10:58 INFO  ApacheHttpClient.sendEvent(450) - responseCode = 200
2018-01-19 15:11:58 INFO  ApacheHttpClient.sendEvent(450) - responseCode = 200
2018-01-19 15:12:58 INFO  ApacheHttpClient.sendEvent(450) - responseCode = 200
2018-01-19 15:13:58 INFO  ApacheHttpClient.sendEvent(450) - responseCode = 200
2018-01-19 15:14:58 INFO  ApacheHttpClient.sendEvent(450) - responseCode = 200
2018-01-19 15:15:58 INFO  ApacheHttpClient.sendEvent(450) - responseCode = 200
2018-01-19 15:16:58 INFO  ApacheHttpClient.sendEvent(450) - responseCode = 200
2018-01-19 15:17:58 INFO  ApacheHttpClient.sendEvent(450) - responseCode = 200
2018-01-19 15:18:58 INFO  ApacheHttpClient.sendEvent(450) - responseCode = 200
2018-01-19 15:19:58 INFO  ApacheHttpClient.sendEvent(450) - responseCode = 200
2018-01-19 15:20:58 INFO  ApacheHttpClient.sendEvent(450) - responseCode = 200
2018-01-19 15:21:58 INFO  ApacheHttpClient.sendEvent(450) - responseCode = 200
2018-01-19 15:22:58 INFO  ApacheHttpClient.sendEvent(450) - responseCode = 200
2018-01-19 15:23:58 INFO  ApacheHttpClient.sendEvent(450) - responseCode = 200
2018-01-19 15:24:58 INFO  ApacheHttpClient.sendEvent(450) - responseCode = 200
2018-01-19 15:25:58 INFO  ApacheHttpClient.sendEvent(450) - responseCode = 200
2018-01-19 15:26:58 INFO  ApacheHttpClient.sendEvent(450) - responseCode = 200
2018-01-19 15:27:58 INFO  ApacheHttpClient.sendEvent(450) - responseCode = 200
2018-01-19 15:28:58 INFO  ApacheHttpClient.sendEvent(450) - responseCode = 200
2018-01-19 15:29:58 INFO  ApacheHttpClient.sendEvent(450) - responseCode = 200
2018-01-19 15:30:58 INFO  ApacheHttpClient.sendEvent(450) - responseCode = 200
2018-01-19 15:31:58 INFO  ApacheHttpClient.sendEvent(450) - responseCode = 200
2018-01-19 15:32:58 INFO  ApacheHttpClient.sendEvent(450) - responseCode = 200
2018-01-19 15:33:58 INFO  ApacheHttpClient.sendEvent(450) - responseCode = 200
2018-01-19 15:34:58 INFO  ApacheHttpClient.sendEvent(450) - responseCode = 200
2018-01-19 15:35:58 INFO  ApacheHttpClient.sendEvent(450) - responseCode = 200
2018-01-19 15:36:58 INFO  ApacheHttpClient.sendEvent(450) - responseCode = 200
2018-01-19 15:37:58 INFO  ApacheHttpClient.sendEvent(450) - responseCode = 200
2018-01-19 15:38:58 INFO  ApacheHttpClient.sendEvent(450) - responseCode = 200
2018-01-19 15:39:58 INFO  ApacheHttpClient.sendEvent(450) - responseCode = 200
2018-01-19 15:40:58 INFO  ApacheHttpClient.sendEvent(450) - responseCode = 200
2018-01-19 15:41:58 INFO  ApacheHttpClient.sendEvent(450) - responseCode = 200
2018-01-19 15:42:58 INFO  ApacheHttpClient.sendEvent(450) - responseCode = 200
2018-01-19 15:43:58 INFO  ApacheHttpClient.sendEvent(450) - responseCode = 200
2018-01-19 15:44:58 INFO  ApacheHttpClient.sendEvent(450) - responseCode = 200
2018-01-19 15:45:58 INFO  ApacheHttpClient.sendEvent(450) - responseCode = 200
2018-01-19 15:46:58 INFO  ApacheHttpClient.sendEvent(450) - responseCode = 200
2018-01-19 15:47:58 INFO  ApacheHttpClient.sendEvent(450) - responseCode = 200
2018-01-19 15:48:58 INFO  ApacheHttpClient.sendEvent(450) - responseCode = 200
2018-01-19 15:49:58 INFO  ApacheHttpClient.sendEvent(450) - responseCode = 200
2018-01-19 15:50:58 INFO  ApacheHttpClient.sendEvent(450) - responseCode = 200
2018-01-19 15:51:58 INFO  ApacheHttpClient.sendEvent(450) - responseCode = 200
2018-01-19 15:52:58 INFO  ApacheHttpClient.sendEvent(450) - responseCode = 200
2018-01-19 15:53:58 INFO  ApacheHttpClient.sendEvent(450) - responseCode = 200
2018-01-19 15:54:58 INFO  ApacheHttpClient.sendEvent(450) - responseCode = 200
2018-01-19 15:55:58 INFO  ApacheHttpClient.sendEvent(450) - responseCode = 200
2018-01-19 15:56:58 INFO  ApacheHttpClient.sendEvent(450) - responseCode = 200
2018-01-19 15:57:58 INFO  ApacheHttpClient.sendEvent(450) - responseCode = 200
2018-01-19 15:58:58 INFO  ApacheHttpClient.sendEvent(450) - responseCode = 200
2018-01-19 15:59:58 INFO  ApacheHttpClient.sendEvent(450) - responseCode = 200
2018-01-19 16:00:58 INFO  ApacheHttpClient.sendEvent(450) - responseCode = 200
2018-01-19 16:01:58 INFO  ApacheHttpClient.sendEvent(450) - responseCode = 200
2018-01-19 16:02:58 INFO  ApacheHttpClient.sendEvent(450) - responseCode = 200
2018-01-19 16:03:58 INFO  ApacheHttpClient.sendEvent(450) - responseCode = 200
2018-01-19 16:04:58 INFO  ApacheHttpClient.sendEvent(450) - responseCode = 200
2018-01-19 16:05:58 INFO  ApacheHttpClient.sendEvent(450) - responseCode = 200
2018-01-19 16:06:58 INFO  ApacheHttpClient.sendEvent(450) - responseCode = 200
2018-01-19 16:07:58 INFO  ApacheHttpClient.sendEvent(450) - responseCode = 200
2018-01-19 16:08:58 INFO  ApacheHttpClient.sendEvent(450) - responseCode = 200
2018-01-19 16:09:58 INFO  ApacheHttpClient.sendEvent(450) - responseCode = 200
2018-01-19 16:10:58 INFO  ApacheHttpClient.sendEvent(450) - responseCode = 200
2018-01-19 16:11:58 INFO  ApacheHttpClient.sendEvent(450) - responseCode = 200
2018-01-19 16:12:58 INFO  ApacheHttpClient.sendEvent(450) - responseCode = 200
2018-01-19 16:13:58 INFO  ApacheHttpClient.sendEvent(450) - responseCode = 200
2018-01-19 16:14:58 INFO  ApacheHttpClient.sendEvent(450) - responseCode = 200
2018-01-19 16:15:58 INFO  ApacheHttpClient.sendEvent(450) - responseCode = 200
2018-01-19 16:16:58 INFO  ApacheHttpClient.sendEvent(450) - responseCode = 200
2018-01-19 16:17:58 INFO  ApacheHttpClient.sendEvent(450) - responseCode = 200
2018-01-19 16:18:58 INFO  ApacheHttpClient.sendEvent(450) - responseCode = 200
2018-01-19 16:19:58 INFO  ApacheHttpClient.sendEvent(450) - responseCode = 200
2018-01-19 16:20:58 INFO  ApacheHttpClient.sendEvent(450) - responseCode = 200
2018-01-19 16:21:58 INFO  ApacheHttpClient.sendEvent(450) - responseCode = 200
2018-01-19 16:22:58 INFO  ApacheHttpClient.sendEvent(450) - responseCode = 200
2018-01-19 16:23:58 INFO  ApacheHttpClient.sendEvent(450) - responseCode = 200
2018-01-19 16:24:58 INFO  ApacheHttpClient.sendEvent(450) - responseCode = 200
2018-01-19 16:25:58 INFO  ApacheHttpClient.sendEvent(450) - responseCode = 200
2018-01-19 16:26:58 INFO  ApacheHttpClient.sendEvent(450) - responseCode = 200
2018-01-19 16:27:58 INFO  ApacheHttpClient.sendEvent(450) - responseCode = 200
2018-01-19 16:28:58 INFO  ApacheHttpClient.sendEvent(450) - responseCode = 200
2018-01-19 16:29:58 INFO  ApacheHttpClient.sendEvent(450) - responseCode = 200
2018-01-19 16:30:58 INFO  ApacheHttpClient.sendEvent(450) - responseCode = 200
2018-01-19 16:31:58 INFO  ApacheHttpClient.sendEvent(450) - responseCode = 200
2018-01-19 16:32:58 INFO  ApacheHttpClient.sendEvent(450) - responseCode = 200
2018-01-19 16:33:58 INFO  ApacheHttpClient.sendEvent(450) - responseCode = 200
2018-01-19 16:34:58 INFO  ApacheHttpClient.sendEvent(450) - responseCode = 200
2018-01-19 16:35:58 INFO  ApacheHttpClient.sendEvent(450) - responseCode = 200
2018-01-19 16:36:58 INFO  ApacheHttpClient.sendEvent(450) - responseCode = 200
2018-01-19 16:37:58 INFO  ApacheHttpClient.sendEvent(450) - responseCode = 200
2018-01-19 16:38:58 INFO  ApacheHttpClient.sendEvent(450) - responseCode = 200
2018-01-19 16:39:58 INFO  ApacheHttpClient.sendEvent(450) - responseCode = 200
2018-01-19 16:40:58 INFO  ApacheHttpClient.sendEvent(450) - responseCode = 200
2018-01-19 16:41:58 INFO  ApacheHttpClient.sendEvent(450) - responseCode = 200
2018-01-19 16:42:58 INFO  ApacheHttpClient.sendEvent(450) - responseCode = 200
2018-01-19 16:43:58 INFO  ApacheHttpClient.sendEvent(450) - responseCode = 200
2018-01-19 16:44:58 INFO  ApacheHttpClient.sendEvent(450) - responseCode = 200
2018-01-19 16:45:58 INFO  ApacheHttpClient.sendEvent(450) - responseCode = 200
2018-01-19 16:46:58 INFO  ApacheHttpClient.sendEvent(450) - responseCode = 200
2018-01-19 16:47:58 INFO  ApacheHttpClient.sendEvent(450) - responseCode = 200
2018-01-19 16:48:58 INFO  ApacheHttpClient.sendEvent(450) - responseCode = 200
2018-01-19 16:49:58 INFO  ApacheHttpClient.sendEvent(450) - responseCode = 200
2018-01-19 16:50:58 INFO  ApacheHttpClient.sendEvent(450) - responseCode = 200
2018-01-19 16:51:58 INFO  ApacheHttpClient.sendEvent(450) - responseCode = 200
2018-01-19 16:52:58 INFO  ApacheHttpClient.sendEvent(450) - responseCode = 200
2018-01-19 16:53:58 INFO  ApacheHttpClient.sendEvent(450) - responseCode = 200
2018-01-19 16:54:58 INFO  ApacheHttpClient.sendEvent(450) - responseCode = 200
2018-01-19 16:55:58 INFO  ApacheHttpClient.sendEvent(450) - responseCode = 200
2018-01-19 16:56:58 INFO  ApacheHttpClient.sendEvent(450) - responseCode = 200
2018-01-19 16:57:58 INFO  ApacheHttpClient.sendEvent(450) - responseCode = 200
2018-01-19 16:58:58 INFO  ApacheHttpClient.sendEvent(450) - responseCode = 200
2018-01-19 16:59:58 INFO  ApacheHttpClient.sendEvent(450) - responseCode = 200
2018-01-19 17:00:58 INFO  ApacheHttpClient.sendEvent(450) - responseCode = 200
2018-01-19 17:01:58 INFO  ApacheHttpClient.sendEvent(450) - responseCode = 200
2018-01-19 17:02:58 INFO  ApacheHttpClient.sendEvent(450) - responseCode = 200
2018-01-19 17:03:58 INFO  ApacheHttpClient.sendEvent(450) - responseCode = 200
2018-01-19 17:04:58 INFO  ApacheHttpClient.sendEvent(450) - responseCode = 200
2018-01-19 17:05:58 INFO  ApacheHttpClient.sendEvent(450) - responseCode = 200
2018-01-19 17:06:58 INFO  ApacheHttpClient.sendEvent(450) - responseCode = 200
2018-01-19 17:07:58 INFO  ApacheHttpClient.sendEvent(450) - responseCode = 200
2018-01-19 17:08:58 INFO  ApacheHttpClient.sendEvent(450) - responseCode = 200
2018-01-19 17:09:58 INFO  ApacheHttpClient.sendEvent(450) - responseCode = 200
2018-01-19 17:10:58 INFO  ApacheHttpClient.sendEvent(450) - responseCode = 200
2018-01-19 17:11:58 INFO  ApacheHttpClient.sendEvent(450) - responseCode = 200
2018-01-19 17:12:58 INFO  ApacheHttpClient.sendEvent(450) - responseCode = 200
2018-01-19 17:13:58 INFO  ApacheHttpClient.sendEvent(450) - responseCode = 200
2018-01-19 17:14:58 INFO  ApacheHttpClient.sendEvent(450) - responseCode = 200
2018-01-19 17:15:58 INFO  ApacheHttpClient.sendEvent(450) - responseCode = 200
2018-01-19 17:16:58 INFO  ApacheHttpClient.sendEvent(450) - responseCode = 200
2018-01-19 17:17:58 INFO  ApacheHttpClient.sendEvent(450) - responseCode = 200
2018-01-19 17:18:58 INFO  ApacheHttpClient.sendEvent(450) - responseCode = 200
2018-01-19 17:19:58 INFO  ApacheHttpClient.sendEvent(450) - responseCode = 200
2018-01-19 17:20:58 INFO  ApacheHttpClient.sendEvent(450) - responseCode = 200
2018-01-19 17:21:58 INFO  ApacheHttpClient.sendEvent(450) - responseCode = 200
2018-01-19 17:22:58 INFO  ApacheHttpClient.sendEvent(450) - responseCode = 200
2018-01-19 17:23:58 INFO  ApacheHttpClient.sendEvent(450) - responseCode = 200
2018-01-19 17:24:58 INFO  ApacheHttpClient.sendEvent(450) - responseCode = 200
2018-01-19 17:25:58 INFO  ApacheHttpClient.sendEvent(450) - responseCode = 200
2018-01-19 17:26:58 INFO  ApacheHttpClient.sendEvent(450) - responseCode = 200
2018-01-19 17:27:58 INFO  ApacheHttpClient.sendEvent(450) - responseCode = 200
2018-01-19 17:28:58 INFO  ApacheHttpClient.sendEvent(450) - responseCode = 200
2018-01-19 17:29:58 INFO  ApacheHttpClient.sendEvent(450) - responseCode = 200
2018-01-19 17:30:58 INFO  ApacheHttpClient.sendEvent(450) - responseCode = 200
2018-01-19 17:31:58 INFO  ApacheHttpClient.sendEvent(450) - responseCode = 200
2018-01-19 17:32:58 INFO  ApacheHttpClient.sendEvent(450) - responseCode = 200
2018-01-19 17:33:58 INFO  ApacheHttpClient.sendEvent(450) - responseCode = 200
2018-01-19 17:34:58 INFO  ApacheHttpClient.sendEvent(450) - responseCode = 200
2018-01-19 17:35:58 INFO  ApacheHttpClient.sendEvent(450) - responseCode = 200
2018-01-19 17:36:58 INFO  ApacheHttpClient.sendEvent(450) - responseCode = 200
2018-01-19 17:37:58 INFO  ApacheHttpClient.sendEvent(450) - responseCode = 200
2018-01-19 17:38:58 INFO  ApacheHttpClient.sendEvent(450) - responseCode = 200
2018-01-19 17:39:58 INFO  ApacheHttpClient.sendEvent(450) - responseCode = 200
2018-01-19 17:40:58 INFO  ApacheHttpClient.sendEvent(450) - responseCode = 200
2018-01-19 17:41:58 INFO  ApacheHttpClient.sendEvent(450) - responseCode = 200
2018-01-19 17:42:58 INFO  ApacheHttpClient.sendEvent(450) - responseCode = 200
2018-01-19 17:43:58 INFO  ApacheHttpClient.sendEvent(450) - responseCode = 200
2018-01-19 17:44:58 INFO  ApacheHttpClient.sendEvent(450) - responseCode = 200
2018-01-19 17:45:58 INFO  ApacheHttpClient.sendEvent(450) - responseCode = 200
2018-01-19 17:46:58 INFO  ApacheHttpClient.sendEvent(450) - responseCode = 200
2018-01-19 17:47:58 INFO  ApacheHttpClient.sendEvent(450) - responseCode = 200
2018-01-19 17:48:58 INFO  ApacheHttpClient.sendEvent(450) - responseCode = 200
2018-01-19 17:49:58 INFO  ApacheHttpClient.sendEvent(450) - responseCode = 200
2018-01-19 17:50:58 INFO  ApacheHttpClient.sendEvent(450) - responseCode = 200
2018-01-19 17:51:58 INFO  ApacheHttpClient.sendEvent(450) - responseCode = 200
2018-01-19 17:52:58 INFO  ApacheHttpClient.sendEvent(450) - responseCode = 200
2018-01-19 17:53:58 INFO  ApacheHttpClient.sendEvent(450) - responseCode = 200
2018-01-19 17:54:58 INFO  ApacheHttpClient.sendEvent(450) - responseCode = 200
2018-01-19 17:55:58 INFO  ApacheHttpClient.sendEvent(450) - responseCode = 200
2018-01-19 17:56:58 INFO  ApacheHttpClient.sendEvent(450) - responseCode = 200
2018-01-19 17:57:58 INFO  ApacheHttpClient.sendEvent(450) - responseCode = 200
2018-01-19 17:58:58 INFO  ApacheHttpClient.sendEvent(450) - responseCode = 200
2018-01-19 17:59:58 INFO  ApacheHttpClient.sendEvent(450) - responseCode = 200
2018-01-19 18:00:58 INFO  ApacheHttpClient.sendEvent(450) - responseCode = 200
2018-01-19 18:01:58 INFO  ApacheHttpClient.sendEvent(450) - responseCode = 200
2018-01-19 18:02:58 INFO  ApacheHttpClient.sendEvent(450) - responseCode = 200
2018-01-19 18:03:58 INFO  ApacheHttpClient.sendEvent(450) - responseCode = 200
2018-01-19 18:04:58 INFO  ApacheHttpClient.sendEvent(450) - responseCode = 200
2018-01-19 18:05:58 INFO  ApacheHttpClient.sendEvent(450) - responseCode = 200
2018-01-19 18:06:58 INFO  ApacheHttpClient.sendEvent(450) - responseCode = 200
2018-01-19 18:07:58 INFO  ApacheHttpClient.sendEvent(450) - responseCode = 200
2018-01-19 18:08:58 INFO  ApacheHttpClient.sendEvent(450) - responseCode = 200
2018-01-19 18:09:58 INFO  ApacheHttpClient.sendEvent(450) - responseCode = 200
2018-01-19 18:10:58 INFO  ApacheHttpClient.sendEvent(450) - responseCode = 200
2018-01-19 18:11:58 INFO  ApacheHttpClient.sendEvent(450) - responseCode = 200
2018-01-19 18:12:58 INFO  ApacheHttpClient.sendEvent(450) - responseCode = 200
2018-01-19 18:13:58 INFO  ApacheHttpClient.sendEvent(450) - responseCode = 200
2018-01-19 18:14:58 INFO  ApacheHttpClient.sendEvent(450) - responseCode = 200
2018-01-19 18:15:58 INFO  ApacheHttpClient.sendEvent(450) - responseCode = 200
2018-01-19 18:16:58 INFO  ApacheHttpClient.sendEvent(450) - responseCode = 200
2018-01-19 18:17:58 INFO  ApacheHttpClient.sendEvent(450) - responseCode = 200
2018-01-19 18:18:58 INFO  ApacheHttpClient.sendEvent(450) - responseCode = 200
2018-01-19 18:19:58 INFO  ApacheHttpClient.sendEvent(450) - responseCode = 200
2018-01-19 18:20:58 INFO  ApacheHttpClient.sendEvent(450) - responseCode = 200
2018-01-19 18:21:58 INFO  ApacheHttpClient.sendEvent(450) - responseCode = 200
2018-01-19 18:22:58 INFO  ApacheHttpClient.sendEvent(450) - responseCode = 200
2018-01-19 18:23:58 INFO  ApacheHttpClient.sendEvent(450) - responseCode = 200
2018-01-19 18:24:58 INFO  ApacheHttpClient.sendEvent(450) - responseCode = 200
2018-01-19 18:25:58 INFO  ApacheHttpClient.sendEvent(450) - responseCode = 200
2018-01-19 18:26:58 INFO  ApacheHttpClient.sendEvent(450) - responseCode = 200
2018-01-19 18:27:58 INFO  ApacheHttpClient.sendEvent(450) - responseCode = 200
2018-01-19 18:28:58 INFO  ApacheHttpClient.sendEvent(450) - responseCode = 200
2018-01-19 18:29:58 INFO  ApacheHttpClient.sendEvent(450) - responseCode = 200
2018-01-19 18:30:58 INFO  ApacheHttpClient.sendEvent(450) - responseCode = 200
2018-01-19 18:31:58 INFO  ApacheHttpClient.sendEvent(450) - responseCode = 200
2018-01-19 18:32:58 INFO  ApacheHttpClient.sendEvent(450) - responseCode = 200
2018-01-19 18:33:58 INFO  ApacheHttpClient.sendEvent(450) - responseCode = 200
2018-01-19 18:34:58 INFO  ApacheHttpClient.sendEvent(450) - responseCode = 200
2018-01-19 18:35:58 INFO  ApacheHttpClient.sendEvent(450) - responseCode = 200
2018-01-19 18:36:58 INFO  ApacheHttpClient.sendEvent(450) - responseCode = 200
2018-01-19 18:37:58 INFO  ApacheHttpClient.sendEvent(450) - responseCode = 200
2018-01-19 18:38:58 INFO  ApacheHttpClient.sendEvent(450) - responseCode = 200
2018-01-19 18:39:58 INFO  ApacheHttpClient.sendEvent(450) - responseCode = 200
2018-01-19 18:40:58 INFO  ApacheHttpClient.sendEvent(450) - responseCode = 200
2018-01-19 18:41:58 INFO  ApacheHttpClient.sendEvent(450) - responseCode = 200
2018-01-19 18:42:58 INFO  ApacheHttpClient.sendEvent(450) - responseCode = 200
2018-01-19 18:43:58 INFO  ApacheHttpClient.sendEvent(450) - responseCode = 200
2018-01-19 18:44:58 INFO  ApacheHttpClient.sendEvent(450) - responseCode = 200
2018-01-19 18:45:58 INFO  ApacheHttpClient.sendEvent(450) - responseCode = 200
2018-01-19 18:46:58 INFO  ApacheHttpClient.sendEvent(450) - responseCode = 200
2018-01-19 18:47:58 INFO  ApacheHttpClient.sendEvent(450) - responseCode = 200
2018-01-19 18:48:58 INFO  ApacheHttpClient.sendEvent(450) - responseCode = 200
2018-01-19 18:49:05 INFO  JavaRushTasksProjectComponent.projectClosing(157) - ---------- Project JavaRushTasks closed ----------

2018-01-19 18:49:06 INFO  ApacheHttpClient.getTask(405) - responseCode = 200
2018-01-19 18:49:06 INFO  ApacheHttpClient.getTask(405) - responseCode = 200
2018-01-19 18:49:06 INFO  ApacheHttpClient.getTask(405) - responseCode = 200
2018-01-19 18:49:06 INFO  ApacheHttpClient.getTask(405) - responseCode = 200
2018-03-02 10:36:00 INFO  JavaRushTasksProjectComponent.projectOpened(68) - ---------- Project JavaRushTasks opened ----------

2018-03-02 10:36:00 INFO  ApacheHttpClient.createAsyncHttpClient(125) - Выбрано 1 прокси.
2018-03-02 10:36:00 INFO  ApacheHttpClient.<init>(85) - ApacheHttpClient проинстанциирован успешно.
2018-03-02 10:36:01 INFO  ApacheHttpClient.testConnection(178) - responseCode = 200
2018-03-02 10:36:01 INFO  ApacheHttpClient.testConnection(185) - result = true
2018-03-02 10:36:01 INFO  ApacheHttpClient.login(209) - Ожидание ответа сервера.
2018-03-02 10:36:01 INFO  ApacheHttpClient.login(209) - Ожидание ответа сервера.
2018-03-02 10:36:02 INFO  ApacheHttpClient.login(213) - responseCode200
2018-03-02 10:36:02 INFO  ApacheHttpClient.login(244) - JSESSIONID=D7A108C55288D95F54079338E874E696
2018-03-02 10:36:02 INFO  ApacheHttpClient.refreshUserInfo(272) - responseCode = 200
2018-03-02 10:36:02 INFO  ApacheHttpClient.refreshUserInfo(278) - Информация о пользователе получена.
2018-03-02 10:36:02 INFO  ApacheHttpClient.startGA(32) - GAService запущен.
2018-03-02 10:36:02 INFO  AbstractRestApiClient.startService(70) - EventsService запущен.
2018-03-02 10:36:09 INFO  ApacheHttpClient.testConnection(178) - responseCode = 200
2018-03-02 10:36:09 INFO  ApacheHttpClient.testConnection(185) - result = true
2018-03-02 10:36:10 INFO  ApacheHttpClient.testConnection(178) - responseCode = 200
2018-03-02 10:36:10 INFO  ApacheHttpClient.testConnection(185) - result = true
2018-03-02 10:36:14 INFO  ApacheHttpClient.getWebResourceAsStream(420) - responseCode = 200
2018-03-02 10:36:20 INFO  ApacheHttpClient.testConnection(178) - responseCode = 200
2018-03-02 10:36:20 INFO  ApacheHttpClient.testConnection(185) - result = true
2018-03-02 10:36:25 INFO  ApacheHttpClient.testConnection(178) - responseCode = 200
2018-03-02 10:36:25 INFO  ApacheHttpClient.testConnection(185) - result = true
2018-03-02 10:36:28 INFO  ApacheHttpClient.testConnection(178) - responseCode = 200
2018-03-02 10:36:28 INFO  ApacheHttpClient.testConnection(185) - result = true
2018-03-02 10:36:34 INFO  ApacheHttpClient.testConnection(178) - responseCode = 200
2018-03-02 10:36:34 INFO  ApacheHttpClient.testConnection(185) - result = true
2018-03-02 10:37:02 INFO  ApacheHttpClient.sendEvent(450) - responseCode = 200
2018-03-02 10:38:02 INFO  ApacheHttpClient.sendEvent(450) - responseCode = 200
2018-03-02 10:39:02 INFO  ApacheHttpClient.sendEvent(450) - responseCode = 200
2018-03-02 10:39:08 INFO  ApacheHttpClient.getWebResourceAsStream(420) - responseCode = 200
2018-03-02 10:39:15 INFO  ApacheHttpClient.getWebResourceAsStream(420) - responseCode = 200
2018-03-02 10:39:17 INFO  JavaRushTasksProjectComponent.projectClosing(157) - ---------- Project JavaRushTasks closed ----------

2018-03-02 10:39:17 INFO  ApacheHttpClient.getTask(405) - responseCode = 200
2018-03-02 10:39:36 INFO  JavaRushTasksProjectComponent.projectOpened(68) - ---------- Project JavaRushTasks opened ----------

2018-03-02 10:39:36 INFO  ApacheHttpClient.createAsyncHttpClient(126) - Выбрано 1 прокси.
2018-03-02 10:39:36 INFO  ApacheHttpClient.<init>(87) - ApacheHttpClient проинстанциирован успешно.
2018-03-02 10:39:36 INFO  ApacheHttpClient.testConnection(184) - responseCode = 200
2018-03-02 10:39:36 INFO  ApacheHttpClient.testConnection(192) - result = true
2018-03-02 10:39:37 INFO  ApacheHttpClient.login(216) - Ожидание ответа сервера.
2018-03-02 10:39:37 INFO  ApacheHttpClient.login(220) - responseCode = 200
2018-03-02 10:39:37 INFO  ApacheHttpClient.login(251) - JSESSIONID=0A8EEFA45A6A001AE7DE24A4A761EC57
2018-03-02 10:39:37 INFO  ApacheHttpClient.refreshUserInfo(279) - responseCode = 200
2018-03-02 10:39:37 INFO  ApacheHttpClient.refreshUserInfo(285) - Информация о пользователе получена.
2018-03-02 10:39:37 INFO  ApacheHttpClient.startGA(31) - GAService запущен.
2018-03-02 10:39:37 INFO  AbstractRestApiClient.startService(70) - EventsService запущен.
2018-03-02 10:39:39 INFO  ApacheHttpClient.testConnection(184) - responseCode = 200
2018-03-02 10:39:39 INFO  ApacheHttpClient.testConnection(192) - result = true
2018-03-02 10:39:39 INFO  ApacheHttpClient.testConnection(184) - responseCode = 200
2018-03-02 10:39:39 INFO  ApacheHttpClient.testConnection(192) - result = true
2018-03-02 10:39:40 INFO  ApacheHttpClient.getWebResourceAsStream(427) - responseCode = 200
2018-03-02 10:39:45 INFO  ApacheHttpClient.testConnection(184) - responseCode = 200
2018-03-02 10:39:45 INFO  ApacheHttpClient.testConnection(192) - result = true
2018-03-02 10:39:46 INFO  ApacheHttpClient.testConnection(184) - responseCode = 200
2018-03-02 10:39:46 INFO  ApacheHttpClient.testConnection(192) - result = true
2018-03-02 10:39:47 INFO  ApacheHttpClient.testConnection(184) - responseCode = 200
2018-03-02 10:39:47 INFO  ApacheHttpClient.testConnection(192) - result = true
2018-03-02 10:39:48 INFO  ApacheHttpClient.testConnection(184) - responseCode = 200
2018-03-02 10:39:48 INFO  ApacheHttpClient.testConnection(192) - result = true
2018-03-02 10:47:19 INFO  JavaRushTasksProjectComponent.projectClosing(162) - ---------- Project JavaRushTasks closed ----------

2018-03-02 10:47:19 INFO  ApacheHttpClient.getTask(412) - responseCode = 200
2018-03-02 10:47:20 INFO  JavaRushTasksProjectComponent.projectOpened(68) - ---------- Project JavaRushTasks opened ----------

2018-03-02 10:47:20 INFO  ApacheHttpClient.refreshUserInfo(279) - responseCode = 200
2018-03-02 10:47:20 INFO  ApacheHttpClient.refreshUserInfo(285) - Информация о пользователе получена.
2018-03-02 10:47:20 INFO  ApacheHttpClient.startGA(31) - GAService запущен.
2018-03-02 10:47:20 INFO  AbstractRestApiClient.startService(70) - EventsService запущен.
2018-03-02 10:47:44 INFO  ApacheHttpClient.getWebResourceAsStream(427) - responseCode = 200
2018-03-02 10:47:44 INFO  ApacheHttpClient.getFilteredTasks(314) - responseCode = 200
2018-03-02 10:47:48 INFO  ApacheHttpClient.getFilteredTasks(314) - responseCode = 200
2018-03-02 10:47:50 INFO  ApacheHttpClient.getFilteredTasks(314) - responseCode = 200
